{"C:\\Users\\rafae\\OneDrive\\Escritorio\\TODO\\IIA\\ServiBot\\frontend\\src\\components\\AudioPlayer.jsx": {"path":"C:\\Users\\rafae\\OneDrive\\Escritorio\\TODO\\IIA\\ServiBot\\frontend\\src\\components\\AudioPlayer.jsx","statementMap":{"0":{"start":{"line":4,"column":16},"end":{"line":4,"column":null}},"1":{"start":{"line":11,"column":32},"end":{"line":11,"column":null}},"2":{"start":{"line":12,"column":32},"end":{"line":12,"column":null}},"3":{"start":{"line":13,"column":36},"end":{"line":13,"column":null}},"4":{"start":{"line":14,"column":30},"end":{"line":14,"column":null}},"5":{"start":{"line":15,"column":26},"end":{"line":15,"column":null}},"6":{"start":{"line":16,"column":28},"end":{"line":16,"column":null}},"7":{"start":{"line":17,"column":24},"end":{"line":17,"column":null}},"8":{"start":{"line":18,"column":38},"end":{"line":18,"column":null}},"9":{"start":{"line":20,"column":8},"end":{"line":20,"column":null}},"10":{"start":{"line":21,"column":8},"end":{"line":21,"column":null}},"11":{"start":{"line":22,"column":8},"end":{"line":22,"column":null}},"12":{"start":{"line":23,"column":8},"end":{"line":23,"column":null}},"13":{"start":{"line":24,"column":8},"end":{"line":24,"column":null}},"14":{"start":{"line":25,"column":8},"end":{"line":25,"column":null}},"15":{"start":{"line":26,"column":8},"end":{"line":26,"column":null}},"16":{"start":{"line":29,"column":23},"end":{"line":31,"column":null}},"17":{"start":{"line":33,"column":2},"end":{"line":55,"column":null}},"18":{"start":{"line":34,"column":4},"end":{"line":34,"column":null}},"19":{"start":{"line":35,"column":4},"end":{"line":35,"column":null}},"20":{"start":{"line":37,"column":4},"end":{"line":45,"column":null}},"21":{"start":{"line":38,"column":6},"end":{"line":38,"column":null}},"22":{"start":{"line":39,"column":6},"end":{"line":39,"column":null}},"23":{"start":{"line":41,"column":6},"end":{"line":44,"column":null}},"24":{"start":{"line":42,"column":8},"end":{"line":42,"column":null}},"25":{"start":{"line":43,"column":8},"end":{"line":43,"column":null}},"26":{"start":{"line":47,"column":4},"end":{"line":54,"column":null}},"27":{"start":{"line":48,"column":6},"end":{"line":50,"column":null}},"28":{"start":{"line":49,"column":8},"end":{"line":49,"column":null}},"29":{"start":{"line":51,"column":6},"end":{"line":53,"column":null}},"30":{"start":{"line":52,"column":8},"end":{"line":52,"column":null}},"31":{"start":{"line":57,"column":20},"end":{"line":79,"column":null}},"32":{"start":{"line":58,"column":4},"end":{"line":58,"column":null}},"33":{"start":{"line":58,"column":27},"end":{"line":58,"column":null}},"34":{"start":{"line":60,"column":4},"end":{"line":78,"column":null}},"35":{"start":{"line":61,"column":6},"end":{"line":61,"column":null}},"36":{"start":{"line":62,"column":6},"end":{"line":62,"column":null}},"37":{"start":{"line":64,"column":6},"end":{"line":64,"column":null}},"38":{"start":{"line":65,"column":6},"end":{"line":65,"column":null}},"39":{"start":{"line":68,"column":6},"end":{"line":70,"column":null}},"40":{"start":{"line":69,"column":8},"end":{"line":69,"column":null}},"41":{"start":{"line":73,"column":6},"end":{"line":73,"column":null}},"42":{"start":{"line":74,"column":6},"end":{"line":74,"column":null}},"43":{"start":{"line":75,"column":6},"end":{"line":75,"column":null}},"44":{"start":{"line":77,"column":6},"end":{"line":77,"column":null}},"45":{"start":{"line":81,"column":21},"end":{"line":86,"column":null}},"46":{"start":{"line":82,"column":4},"end":{"line":85,"column":null}},"47":{"start":{"line":83,"column":6},"end":{"line":83,"column":null}},"48":{"start":{"line":84,"column":6},"end":{"line":84,"column":null}},"49":{"start":{"line":88,"column":26},"end":{"line":94,"column":null}},"50":{"start":{"line":89,"column":4},"end":{"line":93,"column":null}},"51":{"start":{"line":90,"column":6},"end":{"line":90,"column":null}},"52":{"start":{"line":92,"column":6},"end":{"line":92,"column":null}},"53":{"start":{"line":96,"column":27},"end":{"line":100,"column":null}},"54":{"start":{"line":97,"column":4},"end":{"line":99,"column":null}},"55":{"start":{"line":98,"column":6},"end":{"line":98,"column":null}},"56":{"start":{"line":102,"column":31},"end":{"line":106,"column":null}},"57":{"start":{"line":103,"column":4},"end":{"line":105,"column":null}},"58":{"start":{"line":104,"column":6},"end":{"line":104,"column":null}},"59":{"start":{"line":108,"column":22},"end":{"line":115,"column":null}},"60":{"start":{"line":109,"column":4},"end":{"line":109,"column":null}},"61":{"start":{"line":110,"column":4},"end":{"line":110,"column":null}},"62":{"start":{"line":112,"column":4},"end":{"line":114,"column":null}},"63":{"start":{"line":113,"column":6},"end":{"line":113,"column":null}},"64":{"start":{"line":117,"column":30},"end":{"line":127,"column":null}},"65":{"start":{"line":118,"column":4},"end":{"line":118,"column":null}},"66":{"start":{"line":118,"column":54},"end":{"line":118,"column":null}},"67":{"start":{"line":120,"column":19},"end":{"line":120,"column":null}},"68":{"start":{"line":121,"column":14},"end":{"line":121,"column":null}},"69":{"start":{"line":122,"column":23},"end":{"line":122,"column":null}},"70":{"start":{"line":123,"column":20},"end":{"line":123,"column":null}},"71":{"start":{"line":125,"column":4},"end":{"line":125,"column":null}},"72":{"start":{"line":126,"column":4},"end":{"line":126,"column":null}},"73":{"start":{"line":129,"column":29},"end":{"line":138,"column":null}},"74":{"start":{"line":130,"column":22},"end":{"line":130,"column":null}},"75":{"start":{"line":131,"column":4},"end":{"line":131,"column":null}},"76":{"start":{"line":133,"column":4},"end":{"line":135,"column":null}},"77":{"start":{"line":134,"column":6},"end":{"line":134,"column":null}},"78":{"start":{"line":137,"column":4},"end":{"line":137,"column":null}},"79":{"start":{"line":140,"column":21},"end":{"line":150,"column":null}},"80":{"start":{"line":141,"column":4},"end":{"line":149,"column":null}},"81":{"start":{"line":142,"column":6},"end":{"line":148,"column":null}},"82":{"start":{"line":143,"column":8},"end":{"line":143,"column":null}},"83":{"start":{"line":144,"column":8},"end":{"line":144,"column":null}},"84":{"start":{"line":146,"column":8},"end":{"line":146,"column":null}},"85":{"start":{"line":147,"column":8},"end":{"line":147,"column":null}},"86":{"start":{"line":152,"column":35},"end":{"line":157,"column":null}},"87":{"start":{"line":153,"column":4},"end":{"line":153,"column":null}},"88":{"start":{"line":154,"column":4},"end":{"line":156,"column":null}},"89":{"start":{"line":155,"column":6},"end":{"line":155,"column":null}},"90":{"start":{"line":159,"column":21},"end":{"line":165,"column":null}},"91":{"start":{"line":160,"column":4},"end":{"line":164,"column":null}},"92":{"start":{"line":161,"column":6},"end":{"line":161,"column":null}},"93":{"start":{"line":162,"column":6},"end":{"line":162,"column":null}},"94":{"start":{"line":163,"column":6},"end":{"line":163,"column":null}},"95":{"start":{"line":167,"column":24},"end":{"line":174,"column":null}},"96":{"start":{"line":168,"column":17},"end":{"line":168,"column":null}},"97":{"start":{"line":169,"column":4},"end":{"line":169,"column":null}},"98":{"start":{"line":170,"column":4},"end":{"line":170,"column":null}},"99":{"start":{"line":171,"column":4},"end":{"line":171,"column":null}},"100":{"start":{"line":172,"column":4},"end":{"line":172,"column":null}},"101":{"start":{"line":173,"column":4},"end":{"line":173,"column":null}},"102":{"start":{"line":176,"column":34},"end":{"line":196,"column":null}},"103":{"start":{"line":177,"column":4},"end":{"line":177,"column":null}},"104":{"start":{"line":177,"column":49},"end":{"line":177,"column":null}},"105":{"start":{"line":179,"column":4},"end":{"line":195,"column":null}},"106":{"start":{"line":180,"column":27},"end":{"line":180,"column":null}},"107":{"start":{"line":181,"column":23},"end":{"line":181,"column":null}},"108":{"start":{"line":182,"column":21},"end":{"line":182,"column":null}},"109":{"start":{"line":184,"column":6},"end":{"line":184,"column":null}},"110":{"start":{"line":185,"column":6},"end":{"line":185,"column":null}},"111":{"start":{"line":186,"column":6},"end":{"line":186,"column":null}},"112":{"start":{"line":188,"column":6},"end":{"line":188,"column":null}},"113":{"start":{"line":189,"column":6},"end":{"line":189,"column":null}},"114":{"start":{"line":190,"column":6},"end":{"line":190,"column":null}},"115":{"start":{"line":192,"column":6},"end":{"line":192,"column":null}},"116":{"start":{"line":194,"column":6},"end":{"line":194,"column":null}},"117":{"start":{"line":198,"column":28},"end":{"line":239,"column":null}},"118":{"start":{"line":199,"column":4},"end":{"line":199,"column":null}},"119":{"start":{"line":199,"column":52},"end":{"line":199,"column":null}},"120":{"start":{"line":201,"column":19},"end":{"line":201,"column":null}},"121":{"start":{"line":202,"column":22},"end":{"line":202,"column":null}},"122":{"start":{"line":203,"column":21},"end":{"line":203,"column":null}},"123":{"start":{"line":205,"column":25},"end":{"line":205,"column":null}},"124":{"start":{"line":206,"column":22},"end":{"line":206,"column":null}},"125":{"start":{"line":208,"column":17},"end":{"line":236,"column":null}},"126":{"start":{"line":209,"column":6},"end":{"line":209,"column":null}},"127":{"start":{"line":209,"column":22},"end":{"line":209,"column":null}},"128":{"start":{"line":211,"column":6},"end":{"line":211,"column":null}},"129":{"start":{"line":213,"column":6},"end":{"line":213,"column":null}},"130":{"start":{"line":216,"column":6},"end":{"line":216,"column":null}},"131":{"start":{"line":217,"column":6},"end":{"line":217,"column":null}},"132":{"start":{"line":220,"column":24},"end":{"line":220,"column":null}},"133":{"start":{"line":221,"column":14},"end":{"line":221,"column":null}},"134":{"start":{"line":223,"column":6},"end":{"line":235,"column":null}},"135":{"start":{"line":223,"column":19},"end":{"line":223,"column":22}},"136":{"start":{"line":224,"column":27},"end":{"line":224,"column":null}},"137":{"start":{"line":227,"column":25},"end":{"line":227,"column":null}},"138":{"start":{"line":228,"column":8},"end":{"line":228,"column":null}},"139":{"start":{"line":229,"column":8},"end":{"line":229,"column":null}},"140":{"start":{"line":231,"column":8},"end":{"line":231,"column":null}},"141":{"start":{"line":232,"column":8},"end":{"line":232,"column":null}},"142":{"start":{"line":234,"column":8},"end":{"line":234,"column":null}},"143":{"start":{"line":238,"column":4},"end":{"line":238,"column":null}},"144":{"start":{"line":241,"column":21},"end":{"line":247,"column":null}},"145":{"start":{"line":242,"column":4},"end":{"line":242,"column":null}},"146":{"start":{"line":242,"column":24},"end":{"line":242,"column":null}},"147":{"start":{"line":244,"column":17},"end":{"line":244,"column":null}},"148":{"start":{"line":245,"column":17},"end":{"line":245,"column":null}},"149":{"start":{"line":246,"column":4},"end":{"line":246,"column":null}},"150":{"start":{"line":249,"column":2},"end":{"line":249,"column":null}},"151":{"start":{"line":249,"column":17},"end":{"line":249,"column":null}},"152":{"start":{"line":251,"column":2},"end":{"line":397,"column":null}},"153":{"start":{"line":261,"column":10},"end":{"line":261,"column":null}},"154":{"start":{"line":262,"column":10},"end":{"line":262,"column":null}},"155":{"start":{"line":263,"column":10},"end":{"line":263,"column":null}},"156":{"start":{"line":265,"column":27},"end":{"line":265,"column":null}},"157":{"start":{"line":266,"column":25},"end":{"line":266,"column":null}},"158":{"start":{"line":267,"column":28},"end":{"line":267,"column":null}},"159":{"start":{"line":336,"column":14},"end":{"line":348,"column":null}},"160":{"start":{"line":338,"column":31},"end":{"line":338,"column":null}}},"fnMap":{"0":{"name":"AudioPlayer","decl":{"start":{"line":10,"column":24},"end":{"line":10,"column":36}},"loc":{"start":{"line":10,"column":84},"end":{"line":399,"column":null}},"line":10},"1":{"name":"(anonymous_1)","decl":{"start":{"line":33,"column":12},"end":{"line":33,"column":18}},"loc":{"start":{"line":33,"column":18},"end":{"line":55,"column":5}},"line":33},"2":{"name":"(anonymous_2)","decl":{"start":{"line":47,"column":11},"end":{"line":47,"column":17}},"loc":{"start":{"line":47,"column":17},"end":{"line":54,"column":null}},"line":47},"3":{"name":"(anonymous_3)","decl":{"start":{"line":57,"column":20},"end":{"line":57,"column":32}},"loc":{"start":{"line":57,"column":32},"end":{"line":79,"column":null}},"line":57},"4":{"name":"(anonymous_4)","decl":{"start":{"line":81,"column":21},"end":{"line":81,"column":27}},"loc":{"start":{"line":81,"column":27},"end":{"line":86,"column":null}},"line":81},"5":{"name":"(anonymous_5)","decl":{"start":{"line":88,"column":26},"end":{"line":88,"column":32}},"loc":{"start":{"line":88,"column":32},"end":{"line":94,"column":null}},"line":88},"6":{"name":"(anonymous_6)","decl":{"start":{"line":96,"column":27},"end":{"line":96,"column":33}},"loc":{"start":{"line":96,"column":33},"end":{"line":100,"column":null}},"line":96},"7":{"name":"(anonymous_7)","decl":{"start":{"line":102,"column":31},"end":{"line":102,"column":37}},"loc":{"start":{"line":102,"column":37},"end":{"line":106,"column":null}},"line":102},"8":{"name":"(anonymous_8)","decl":{"start":{"line":108,"column":22},"end":{"line":108,"column":28}},"loc":{"start":{"line":108,"column":28},"end":{"line":115,"column":null}},"line":108},"9":{"name":"(anonymous_9)","decl":{"start":{"line":117,"column":30},"end":{"line":117,"column":31}},"loc":{"start":{"line":117,"column":37},"end":{"line":127,"column":null}},"line":117},"10":{"name":"(anonymous_10)","decl":{"start":{"line":129,"column":29},"end":{"line":129,"column":30}},"loc":{"start":{"line":129,"column":36},"end":{"line":138,"column":null}},"line":129},"11":{"name":"(anonymous_11)","decl":{"start":{"line":140,"column":21},"end":{"line":140,"column":27}},"loc":{"start":{"line":140,"column":27},"end":{"line":150,"column":null}},"line":140},"12":{"name":"(anonymous_12)","decl":{"start":{"line":152,"column":35},"end":{"line":152,"column":36}},"loc":{"start":{"line":152,"column":45},"end":{"line":157,"column":null}},"line":152},"13":{"name":"(anonymous_13)","decl":{"start":{"line":159,"column":21},"end":{"line":159,"column":27}},"loc":{"start":{"line":159,"column":27},"end":{"line":165,"column":null}},"line":159},"14":{"name":"(anonymous_14)","decl":{"start":{"line":167,"column":24},"end":{"line":167,"column":30}},"loc":{"start":{"line":167,"column":30},"end":{"line":174,"column":null}},"line":167},"15":{"name":"(anonymous_15)","decl":{"start":{"line":176,"column":34},"end":{"line":176,"column":40}},"loc":{"start":{"line":176,"column":40},"end":{"line":196,"column":null}},"line":176},"16":{"name":"(anonymous_16)","decl":{"start":{"line":198,"column":28},"end":{"line":198,"column":34}},"loc":{"start":{"line":198,"column":34},"end":{"line":239,"column":null}},"line":198},"17":{"name":"(anonymous_17)","decl":{"start":{"line":208,"column":17},"end":{"line":208,"column":23}},"loc":{"start":{"line":208,"column":23},"end":{"line":236,"column":null}},"line":208},"18":{"name":"(anonymous_18)","decl":{"start":{"line":241,"column":21},"end":{"line":241,"column":22}},"loc":{"start":{"line":241,"column":34},"end":{"line":247,"column":null}},"line":241},"19":{"name":"(anonymous_19)","decl":{"start":{"line":260,"column":17},"end":{"line":260,"column":18}},"loc":{"start":{"line":260,"column":24},"end":{"line":264,"column":null}},"line":260},"20":{"name":"(anonymous_20)","decl":{"start":{"line":265,"column":21},"end":{"line":265,"column":27}},"loc":{"start":{"line":265,"column":27},"end":{"line":265,"column":null}},"line":265},"21":{"name":"(anonymous_21)","decl":{"start":{"line":266,"column":19},"end":{"line":266,"column":25}},"loc":{"start":{"line":266,"column":25},"end":{"line":266,"column":null}},"line":266},"22":{"name":"(anonymous_22)","decl":{"start":{"line":267,"column":22},"end":{"line":267,"column":28}},"loc":{"start":{"line":267,"column":28},"end":{"line":267,"column":null}},"line":267},"23":{"name":"(anonymous_23)","decl":{"start":{"line":335,"column":38},"end":{"line":335,"column":null}},"loc":{"start":{"line":336,"column":14},"end":{"line":348,"column":null}},"line":336},"24":{"name":"(anonymous_24)","decl":{"start":{"line":338,"column":25},"end":{"line":338,"column":31}},"loc":{"start":{"line":338,"column":31},"end":{"line":338,"column":null}},"line":338}},"branchMap":{"0":{"loc":{"start":{"line":4,"column":16},"end":{"line":4,"column":null}},"type":"binary-expr","locations":[{"start":{"line":4,"column":16},"end":{"line":4,"column":48}},{"start":{"line":4,"column":48},"end":{"line":4,"column":null}}],"line":4},"1":{"loc":{"start":{"line":10,"column":48},"end":{"line":10,"column":66}},"type":"default-arg","locations":[{"start":{"line":10,"column":59},"end":{"line":10,"column":66}}],"line":10},"2":{"loc":{"start":{"line":10,"column":66},"end":{"line":10,"column":81}},"type":"default-arg","locations":[{"start":{"line":10,"column":76},"end":{"line":10,"column":81}}],"line":10},"3":{"loc":{"start":{"line":29,"column":23},"end":{"line":31,"column":null}},"type":"cond-expr","locations":[{"start":{"line":30,"column":6},"end":{"line":30,"column":null}},{"start":{"line":31,"column":6},"end":{"line":31,"column":null}}],"line":29},"4":{"loc":{"start":{"line":37,"column":4},"end":{"line":45,"column":null}},"type":"if","locations":[{"start":{"line":37,"column":4},"end":{"line":45,"column":null}},{"start":{},"end":{}}],"line":37},"5":{"loc":{"start":{"line":37,"column":8},"end":{"line":37,"column":38}},"type":"binary-expr","locations":[{"start":{"line":37,"column":8},"end":{"line":37,"column":20}},{"start":{"line":37,"column":20},"end":{"line":37,"column":38}}],"line":37},"6":{"loc":{"start":{"line":41,"column":6},"end":{"line":44,"column":null}},"type":"if","locations":[{"start":{"line":41,"column":6},"end":{"line":44,"column":null}},{"start":{},"end":{}}],"line":41},"7":{"loc":{"start":{"line":48,"column":6},"end":{"line":50,"column":null}},"type":"if","locations":[{"start":{"line":48,"column":6},"end":{"line":50,"column":null}},{"start":{},"end":{}}],"line":48},"8":{"loc":{"start":{"line":51,"column":6},"end":{"line":53,"column":null}},"type":"if","locations":[{"start":{"line":51,"column":6},"end":{"line":53,"column":null}},{"start":{},"end":{}}],"line":51},"9":{"loc":{"start":{"line":51,"column":10},"end":{"line":51,"column":81}},"type":"binary-expr","locations":[{"start":{"line":51,"column":10},"end":{"line":51,"column":37}},{"start":{"line":51,"column":37},"end":{"line":51,"column":81}}],"line":51},"10":{"loc":{"start":{"line":58,"column":4},"end":{"line":58,"column":null}},"type":"if","locations":[{"start":{"line":58,"column":4},"end":{"line":58,"column":null}},{"start":{},"end":{}}],"line":58},"11":{"loc":{"start":{"line":68,"column":6},"end":{"line":70,"column":null}},"type":"if","locations":[{"start":{"line":68,"column":6},"end":{"line":70,"column":null}},{"start":{},"end":{}}],"line":68},"12":{"loc":{"start":{"line":82,"column":4},"end":{"line":85,"column":null}},"type":"if","locations":[{"start":{"line":82,"column":4},"end":{"line":85,"column":null}},{"start":{},"end":{}}],"line":82},"13":{"loc":{"start":{"line":89,"column":4},"end":{"line":93,"column":null}},"type":"if","locations":[{"start":{"line":89,"column":4},"end":{"line":93,"column":null}},{"start":{"line":91,"column":11},"end":{"line":93,"column":null}}],"line":89},"14":{"loc":{"start":{"line":97,"column":4},"end":{"line":99,"column":null}},"type":"if","locations":[{"start":{"line":97,"column":4},"end":{"line":99,"column":null}},{"start":{},"end":{}}],"line":97},"15":{"loc":{"start":{"line":103,"column":4},"end":{"line":105,"column":null}},"type":"if","locations":[{"start":{"line":103,"column":4},"end":{"line":105,"column":null}},{"start":{},"end":{}}],"line":103},"16":{"loc":{"start":{"line":112,"column":4},"end":{"line":114,"column":null}},"type":"if","locations":[{"start":{"line":112,"column":4},"end":{"line":114,"column":null}},{"start":{},"end":{}}],"line":112},"17":{"loc":{"start":{"line":118,"column":4},"end":{"line":118,"column":null}},"type":"if","locations":[{"start":{"line":118,"column":4},"end":{"line":118,"column":null}},{"start":{},"end":{}}],"line":118},"18":{"loc":{"start":{"line":118,"column":8},"end":{"line":118,"column":54}},"type":"binary-expr","locations":[{"start":{"line":118,"column":8},"end":{"line":118,"column":35}},{"start":{"line":118,"column":35},"end":{"line":118,"column":54}}],"line":118},"19":{"loc":{"start":{"line":133,"column":4},"end":{"line":135,"column":null}},"type":"if","locations":[{"start":{"line":133,"column":4},"end":{"line":135,"column":null}},{"start":{},"end":{}}],"line":133},"20":{"loc":{"start":{"line":141,"column":4},"end":{"line":149,"column":null}},"type":"if","locations":[{"start":{"line":141,"column":4},"end":{"line":149,"column":null}},{"start":{},"end":{}}],"line":141},"21":{"loc":{"start":{"line":142,"column":6},"end":{"line":148,"column":null}},"type":"if","locations":[{"start":{"line":142,"column":6},"end":{"line":148,"column":null}},{"start":{"line":145,"column":13},"end":{"line":148,"column":null}}],"line":142},"22":{"loc":{"start":{"line":154,"column":4},"end":{"line":156,"column":null}},"type":"if","locations":[{"start":{"line":154,"column":4},"end":{"line":156,"column":null}},{"start":{},"end":{}}],"line":154},"23":{"loc":{"start":{"line":160,"column":4},"end":{"line":164,"column":null}},"type":"if","locations":[{"start":{"line":160,"column":4},"end":{"line":164,"column":null}},{"start":{},"end":{}}],"line":160},"24":{"loc":{"start":{"line":170,"column":20},"end":{"line":170,"column":null}},"type":"binary-expr","locations":[{"start":{"line":170,"column":20},"end":{"line":170,"column":50}},{"start":{"line":170,"column":50},"end":{"line":170,"column":null}}],"line":170},"25":{"loc":{"start":{"line":177,"column":4},"end":{"line":177,"column":null}},"type":"if","locations":[{"start":{"line":177,"column":4},"end":{"line":177,"column":null}},{"start":{},"end":{}}],"line":177},"26":{"loc":{"start":{"line":177,"column":8},"end":{"line":177,"column":49}},"type":"binary-expr","locations":[{"start":{"line":177,"column":8},"end":{"line":177,"column":29}},{"start":{"line":177,"column":29},"end":{"line":177,"column":49}}],"line":177},"27":{"loc":{"start":{"line":180,"column":32},"end":{"line":180,"column":82}},"type":"binary-expr","locations":[{"start":{"line":180,"column":32},"end":{"line":180,"column":55}},{"start":{"line":180,"column":55},"end":{"line":180,"column":82}}],"line":180},"28":{"loc":{"start":{"line":199,"column":4},"end":{"line":199,"column":null}},"type":"if","locations":[{"start":{"line":199,"column":4},"end":{"line":199,"column":null}},{"start":{},"end":{}}],"line":199},"29":{"loc":{"start":{"line":199,"column":8},"end":{"line":199,"column":52}},"type":"binary-expr","locations":[{"start":{"line":199,"column":8},"end":{"line":199,"column":30}},{"start":{"line":199,"column":30},"end":{"line":199,"column":52}}],"line":199},"30":{"loc":{"start":{"line":209,"column":6},"end":{"line":209,"column":null}},"type":"if","locations":[{"start":{"line":209,"column":6},"end":{"line":209,"column":null}},{"start":{},"end":{}}],"line":209},"31":{"loc":{"start":{"line":242,"column":4},"end":{"line":242,"column":null}},"type":"if","locations":[{"start":{"line":242,"column":4},"end":{"line":242,"column":null}},{"start":{},"end":{}}],"line":242},"32":{"loc":{"start":{"line":249,"column":2},"end":{"line":249,"column":null}},"type":"if","locations":[{"start":{"line":249,"column":2},"end":{"line":249,"column":null}},{"start":{},"end":{}}],"line":249},"33":{"loc":{"start":{"line":263,"column":48},"end":{"line":263,"column":88}},"type":"binary-expr","locations":[{"start":{"line":263,"column":48},"end":{"line":263,"column":75}},{"start":{"line":263,"column":75},"end":{"line":263,"column":88}}],"line":263},"34":{"loc":{"start":{"line":291,"column":32},"end":{"line":291,"column":66}},"type":"binary-expr","locations":[{"start":{"line":291,"column":32},"end":{"line":291,"column":65}},{"start":{"line":291,"column":65},"end":{"line":291,"column":66}}],"line":291},"35":{"loc":{"start":{"line":311,"column":22},"end":{"line":311,"column":null}},"type":"binary-expr","locations":[{"start":{"line":311,"column":22},"end":{"line":311,"column":35}},{"start":{"line":311,"column":35},"end":{"line":311,"column":null}}],"line":311},"36":{"loc":{"start":{"line":313,"column":19},"end":{"line":313,"column":null}},"type":"cond-expr","locations":[{"start":{"line":313,"column":31},"end":{"line":313,"column":42}},{"start":{"line":313,"column":42},"end":{"line":313,"column":null}}],"line":313},"37":{"loc":{"start":{"line":315,"column":13},"end":{"line":320,"column":null}},"type":"cond-expr","locations":[{"start":{"line":316,"column":14},"end":{"line":316,"column":null}},{"start":{"line":317,"column":16},"end":{"line":320,"column":null}}],"line":315},"38":{"loc":{"start":{"line":317,"column":16},"end":{"line":320,"column":null}},"type":"cond-expr","locations":[{"start":{"line":318,"column":14},"end":{"line":318,"column":null}},{"start":{"line":320,"column":14},"end":{"line":320,"column":null}}],"line":317},"39":{"loc":{"start":{"line":341,"column":20},"end":{"line":343,"column":null}},"type":"cond-expr","locations":[{"start":{"line":342,"column":22},"end":{"line":342,"column":null}},{"start":{"line":343,"column":22},"end":{"line":343,"column":null}}],"line":341},"40":{"loc":{"start":{"line":360,"column":21},"end":{"line":360,"column":null}},"type":"cond-expr","locations":[{"start":{"line":360,"column":31},"end":{"line":360,"column":50}},{"start":{"line":360,"column":50},"end":{"line":360,"column":null}}],"line":360},"41":{"loc":{"start":{"line":362,"column":15},"end":{"line":365,"column":null}},"type":"cond-expr","locations":[{"start":{"line":363,"column":16},"end":{"line":363,"column":null}},{"start":{"line":365,"column":16},"end":{"line":365,"column":null}}],"line":362},"42":{"loc":{"start":{"line":362,"column":15},"end":{"line":362,"column":null}},"type":"binary-expr","locations":[{"start":{"line":362,"column":15},"end":{"line":362,"column":26}},{"start":{"line":362,"column":26},"end":{"line":362,"column":null}}],"line":362},"43":{"loc":{"start":{"line":374,"column":21},"end":{"line":374,"column":null}},"type":"cond-expr","locations":[{"start":{"line":374,"column":31},"end":{"line":374,"column":35}},{"start":{"line":374,"column":35},"end":{"line":374,"column":null}}],"line":374},"44":{"loc":{"start":{"line":392,"column":7},"end":{"line":395,"column":null}},"type":"binary-expr","locations":[{"start":{"line":392,"column":7},"end":{"line":392,"column":null}},{"start":{"line":393,"column":8},"end":{"line":395,"column":null}}],"line":392}},"s":{"0":1,"1":0,"2":0,"3":0,"4":0,"5":0,"6":0,"7":0,"8":0,"9":0,"10":0,"11":0,"12":0,"13":0,"14":0,"15":0,"16":0,"17":0,"18":0,"19":0,"20":0,"21":0,"22":0,"23":0,"24":0,"25":0,"26":0,"27":0,"28":0,"29":0,"30":0,"31":0,"32":0,"33":0,"34":0,"35":0,"36":0,"37":0,"38":0,"39":0,"40":0,"41":0,"42":0,"43":0,"44":0,"45":0,"46":0,"47":0,"48":0,"49":0,"50":0,"51":0,"52":0,"53":0,"54":0,"55":0,"56":0,"57":0,"58":0,"59":0,"60":0,"61":0,"62":0,"63":0,"64":0,"65":0,"66":0,"67":0,"68":0,"69":0,"70":0,"71":0,"72":0,"73":0,"74":0,"75":0,"76":0,"77":0,"78":0,"79":0,"80":0,"81":0,"82":0,"83":0,"84":0,"85":0,"86":0,"87":0,"88":0,"89":0,"90":0,"91":0,"92":0,"93":0,"94":0,"95":0,"96":0,"97":0,"98":0,"99":0,"100":0,"101":0,"102":0,"103":0,"104":0,"105":0,"106":0,"107":0,"108":0,"109":0,"110":0,"111":0,"112":0,"113":0,"114":0,"115":0,"116":0,"117":0,"118":0,"119":0,"120":0,"121":0,"122":0,"123":0,"124":0,"125":0,"126":0,"127":0,"128":0,"129":0,"130":0,"131":0,"132":0,"133":0,"134":0,"135":0,"136":0,"137":0,"138":0,"139":0,"140":0,"141":0,"142":0,"143":0,"144":0,"145":0,"146":0,"147":0,"148":0,"149":0,"150":0,"151":0,"152":0,"153":0,"154":0,"155":0,"156":0,"157":0,"158":0,"159":0,"160":0},"f":{"0":0,"1":0,"2":0,"3":0,"4":0,"5":0,"6":0,"7":0,"8":0,"9":0,"10":0,"11":0,"12":0,"13":0,"14":0,"15":0,"16":0,"17":0,"18":0,"19":0,"20":0,"21":0,"22":0,"23":0,"24":0},"b":{"0":[1,1],"1":[0],"2":[0],"3":[0,0],"4":[0,0],"5":[0,0],"6":[0,0],"7":[0,0],"8":[0,0],"9":[0,0],"10":[0,0],"11":[0,0],"12":[0,0],"13":[0,0],"14":[0,0],"15":[0,0],"16":[0,0],"17":[0,0],"18":[0,0],"19":[0,0],"20":[0,0],"21":[0,0],"22":[0,0],"23":[0,0],"24":[0,0],"25":[0,0],"26":[0,0],"27":[0,0],"28":[0,0],"29":[0,0],"30":[0,0],"31":[0,0],"32":[0,0],"33":[0,0],"34":[0,0],"35":[0,0],"36":[0,0],"37":[0,0],"38":[0,0],"39":[0,0],"40":[0,0],"41":[0,0],"42":[0,0],"43":[0,0],"44":[0,0]},"meta":{"lastBranch":45,"lastFunction":25,"lastStatement":161,"seen":{"s:4:16:4:Infinity":0,"b:4:16:4:48:4:48:4:Infinity":0,"f:10:24:10:36":0,"b:10:59:10:66":1,"b:10:76:10:81":2,"s:11:32:11:Infinity":1,"s:12:32:12:Infinity":2,"s:13:36:13:Infinity":3,"s:14:30:14:Infinity":4,"s:15:26:15:Infinity":5,"s:16:28:16:Infinity":6,"s:17:24:17:Infinity":7,"s:18:38:18:Infinity":8,"s:20:8:20:Infinity":9,"s:21:8:21:Infinity":10,"s:22:8:22:Infinity":11,"s:23:8:23:Infinity":12,"s:24:8:24:Infinity":13,"s:25:8:25:Infinity":14,"s:26:8:26:Infinity":15,"s:29:23:31:Infinity":16,"b:30:6:30:Infinity:31:6:31:Infinity":3,"s:33:2:55:Infinity":17,"f:33:12:33:18":1,"s:34:4:34:Infinity":18,"s:35:4:35:Infinity":19,"b:37:4:45:Infinity:undefined:undefined:undefined:undefined":4,"s:37:4:45:Infinity":20,"b:37:8:37:20:37:20:37:38":5,"s:38:6:38:Infinity":21,"s:39:6:39:Infinity":22,"b:41:6:44:Infinity:undefined:undefined:undefined:undefined":6,"s:41:6:44:Infinity":23,"s:42:8:42:Infinity":24,"s:43:8:43:Infinity":25,"s:47:4:54:Infinity":26,"f:47:11:47:17":2,"b:48:6:50:Infinity:undefined:undefined:undefined:undefined":7,"s:48:6:50:Infinity":27,"s:49:8:49:Infinity":28,"b:51:6:53:Infinity:undefined:undefined:undefined:undefined":8,"s:51:6:53:Infinity":29,"b:51:10:51:37:51:37:51:81":9,"s:52:8:52:Infinity":30,"s:57:20:79:Infinity":31,"f:57:20:57:32":3,"b:58:4:58:Infinity:undefined:undefined:undefined:undefined":10,"s:58:4:58:Infinity":32,"s:58:27:58:Infinity":33,"s:60:4:78:Infinity":34,"s:61:6:61:Infinity":35,"s:62:6:62:Infinity":36,"s:64:6:64:Infinity":37,"s:65:6:65:Infinity":38,"b:68:6:70:Infinity:undefined:undefined:undefined:undefined":11,"s:68:6:70:Infinity":39,"s:69:8:69:Infinity":40,"s:73:6:73:Infinity":41,"s:74:6:74:Infinity":42,"s:75:6:75:Infinity":43,"s:77:6:77:Infinity":44,"s:81:21:86:Infinity":45,"f:81:21:81:27":4,"b:82:4:85:Infinity:undefined:undefined:undefined:undefined":12,"s:82:4:85:Infinity":46,"s:83:6:83:Infinity":47,"s:84:6:84:Infinity":48,"s:88:26:94:Infinity":49,"f:88:26:88:32":5,"b:89:4:93:Infinity:91:11:93:Infinity":13,"s:89:4:93:Infinity":50,"s:90:6:90:Infinity":51,"s:92:6:92:Infinity":52,"s:96:27:100:Infinity":53,"f:96:27:96:33":6,"b:97:4:99:Infinity:undefined:undefined:undefined:undefined":14,"s:97:4:99:Infinity":54,"s:98:6:98:Infinity":55,"s:102:31:106:Infinity":56,"f:102:31:102:37":7,"b:103:4:105:Infinity:undefined:undefined:undefined:undefined":15,"s:103:4:105:Infinity":57,"s:104:6:104:Infinity":58,"s:108:22:115:Infinity":59,"f:108:22:108:28":8,"s:109:4:109:Infinity":60,"s:110:4:110:Infinity":61,"b:112:4:114:Infinity:undefined:undefined:undefined:undefined":16,"s:112:4:114:Infinity":62,"s:113:6:113:Infinity":63,"s:117:30:127:Infinity":64,"f:117:30:117:31":9,"b:118:4:118:Infinity:undefined:undefined:undefined:undefined":17,"s:118:4:118:Infinity":65,"b:118:8:118:35:118:35:118:54":18,"s:118:54:118:Infinity":66,"s:120:19:120:Infinity":67,"s:121:14:121:Infinity":68,"s:122:23:122:Infinity":69,"s:123:20:123:Infinity":70,"s:125:4:125:Infinity":71,"s:126:4:126:Infinity":72,"s:129:29:138:Infinity":73,"f:129:29:129:30":10,"s:130:22:130:Infinity":74,"s:131:4:131:Infinity":75,"b:133:4:135:Infinity:undefined:undefined:undefined:undefined":19,"s:133:4:135:Infinity":76,"s:134:6:134:Infinity":77,"s:137:4:137:Infinity":78,"s:140:21:150:Infinity":79,"f:140:21:140:27":11,"b:141:4:149:Infinity:undefined:undefined:undefined:undefined":20,"s:141:4:149:Infinity":80,"b:142:6:148:Infinity:145:13:148:Infinity":21,"s:142:6:148:Infinity":81,"s:143:8:143:Infinity":82,"s:144:8:144:Infinity":83,"s:146:8:146:Infinity":84,"s:147:8:147:Infinity":85,"s:152:35:157:Infinity":86,"f:152:35:152:36":12,"s:153:4:153:Infinity":87,"b:154:4:156:Infinity:undefined:undefined:undefined:undefined":22,"s:154:4:156:Infinity":88,"s:155:6:155:Infinity":89,"s:159:21:165:Infinity":90,"f:159:21:159:27":13,"b:160:4:164:Infinity:undefined:undefined:undefined:undefined":23,"s:160:4:164:Infinity":91,"s:161:6:161:Infinity":92,"s:162:6:162:Infinity":93,"s:163:6:163:Infinity":94,"s:167:24:174:Infinity":95,"f:167:24:167:30":14,"s:168:17:168:Infinity":96,"s:169:4:169:Infinity":97,"s:170:4:170:Infinity":98,"b:170:20:170:50:170:50:170:Infinity":24,"s:171:4:171:Infinity":99,"s:172:4:172:Infinity":100,"s:173:4:173:Infinity":101,"s:176:34:196:Infinity":102,"f:176:34:176:40":15,"b:177:4:177:Infinity:undefined:undefined:undefined:undefined":25,"s:177:4:177:Infinity":103,"b:177:8:177:29:177:29:177:49":26,"s:177:49:177:Infinity":104,"s:179:4:195:Infinity":105,"s:180:27:180:Infinity":106,"b:180:32:180:55:180:55:180:82":27,"s:181:23:181:Infinity":107,"s:182:21:182:Infinity":108,"s:184:6:184:Infinity":109,"s:185:6:185:Infinity":110,"s:186:6:186:Infinity":111,"s:188:6:188:Infinity":112,"s:189:6:189:Infinity":113,"s:190:6:190:Infinity":114,"s:192:6:192:Infinity":115,"s:194:6:194:Infinity":116,"s:198:28:239:Infinity":117,"f:198:28:198:34":16,"b:199:4:199:Infinity:undefined:undefined:undefined:undefined":28,"s:199:4:199:Infinity":118,"b:199:8:199:30:199:30:199:52":29,"s:199:52:199:Infinity":119,"s:201:19:201:Infinity":120,"s:202:22:202:Infinity":121,"s:203:21:203:Infinity":122,"s:205:25:205:Infinity":123,"s:206:22:206:Infinity":124,"s:208:17:236:Infinity":125,"f:208:17:208:23":17,"b:209:6:209:Infinity:undefined:undefined:undefined:undefined":30,"s:209:6:209:Infinity":126,"s:209:22:209:Infinity":127,"s:211:6:211:Infinity":128,"s:213:6:213:Infinity":129,"s:216:6:216:Infinity":130,"s:217:6:217:Infinity":131,"s:220:24:220:Infinity":132,"s:221:14:221:Infinity":133,"s:223:6:235:Infinity":134,"s:223:19:223:22":135,"s:224:27:224:Infinity":136,"s:227:25:227:Infinity":137,"s:228:8:228:Infinity":138,"s:229:8:229:Infinity":139,"s:231:8:231:Infinity":140,"s:232:8:232:Infinity":141,"s:234:8:234:Infinity":142,"s:238:4:238:Infinity":143,"s:241:21:247:Infinity":144,"f:241:21:241:22":18,"b:242:4:242:Infinity:undefined:undefined:undefined:undefined":31,"s:242:4:242:Infinity":145,"s:242:24:242:Infinity":146,"s:244:17:244:Infinity":147,"s:245:17:245:Infinity":148,"s:246:4:246:Infinity":149,"b:249:2:249:Infinity:undefined:undefined:undefined:undefined":32,"s:249:2:249:Infinity":150,"s:249:17:249:Infinity":151,"s:251:2:397:Infinity":152,"f:260:17:260:18":19,"s:261:10:261:Infinity":153,"s:262:10:262:Infinity":154,"s:263:10:263:Infinity":155,"b:263:48:263:75:263:75:263:88":33,"f:265:21:265:27":20,"s:265:27:265:Infinity":156,"f:266:19:266:25":21,"s:266:25:266:Infinity":157,"f:267:22:267:28":22,"s:267:28:267:Infinity":158,"b:291:32:291:65:291:65:291:66":34,"b:311:22:311:35:311:35:311:Infinity":35,"b:313:31:313:42:313:42:313:Infinity":36,"b:316:14:316:Infinity:317:16:320:Infinity":37,"b:318:14:318:Infinity:320:14:320:Infinity":38,"f:335:38:335:Infinity":23,"s:336:14:348:Infinity":159,"f:338:25:338:31":24,"s:338:31:338:Infinity":160,"b:342:22:342:Infinity:343:22:343:Infinity":39,"b:360:31:360:50:360:50:360:Infinity":40,"b:363:16:363:Infinity:365:16:365:Infinity":41,"b:362:15:362:26:362:26:362:Infinity":42,"b:374:31:374:35:374:35:374:Infinity":43,"b:392:7:392:Infinity:393:8:395:Infinity":44}}}
,"C:\\Users\\rafae\\OneDrive\\Escritorio\\TODO\\IIA\\ServiBot\\frontend\\src\\components\\ChatInterface.jsx": {"path":"C:\\Users\\rafae\\OneDrive\\Escritorio\\TODO\\IIA\\ServiBot\\frontend\\src\\components\\ChatInterface.jsx","statementMap":{"0":{"start":{"line":11,"column":24},"end":{"line":11,"column":null}},"1":{"start":{"line":12,"column":32},"end":{"line":12,"column":null}},"2":{"start":{"line":13,"column":44},"end":{"line":13,"column":null}},"3":{"start":{"line":14,"column":48},"end":{"line":14,"column":null}},"4":{"start":{"line":15,"column":48},"end":{"line":15,"column":null}},"5":{"start":{"line":16,"column":50},"end":{"line":16,"column":null}},"6":{"start":{"line":17,"column":8},"end":{"line":17,"column":null}},"7":{"start":{"line":20,"column":2},"end":{"line":22,"column":null}},"8":{"start":{"line":21,"column":4},"end":{"line":21,"column":null}},"9":{"start":{"line":24,"column":21},"end":{"line":87,"column":null}},"10":{"start":{"line":25,"column":4},"end":{"line":25,"column":null}},"11":{"start":{"line":25,"column":36},"end":{"line":25,"column":null}},"12":{"start":{"line":27,"column":24},"end":{"line":31,"column":null}},"13":{"start":{"line":33,"column":4},"end":{"line":33,"column":null}},"14":{"start":{"line":33,"column":24},"end":{"line":33,"column":46}},"15":{"start":{"line":34,"column":4},"end":{"line":34,"column":null}},"16":{"start":{"line":35,"column":4},"end":{"line":35,"column":null}},"17":{"start":{"line":37,"column":4},"end":{"line":86,"column":null}},"18":{"start":{"line":38,"column":21},"end":{"line":38,"column":null}},"19":{"start":{"line":40,"column":6},"end":{"line":42,"column":null}},"20":{"start":{"line":41,"column":8},"end":{"line":41,"column":null}},"21":{"start":{"line":44,"column":23},"end":{"line":44,"column":null}},"22":{"start":{"line":45,"column":31},"end":{"line":51,"column":null}},"23":{"start":{"line":53,"column":6},"end":{"line":53,"column":null}},"24":{"start":{"line":53,"column":26},"end":{"line":53,"column":53}},"25":{"start":{"line":56,"column":6},"end":{"line":58,"column":null}},"26":{"start":{"line":57,"column":8},"end":{"line":57,"column":null}},"27":{"start":{"line":57,"column":33},"end":{"line":57,"column":60}},"28":{"start":{"line":61,"column":6},"end":{"line":74,"column":null}},"29":{"start":{"line":62,"column":43},"end":{"line":62,"column":null}},"30":{"start":{"line":63,"column":8},"end":{"line":63,"column":null}},"31":{"start":{"line":66,"column":29},"end":{"line":66,"column":null}},"32":{"start":{"line":67,"column":8},"end":{"line":67,"column":null}},"33":{"start":{"line":68,"column":8},"end":{"line":68,"column":null}},"34":{"start":{"line":69,"column":8},"end":{"line":69,"column":null}},"35":{"start":{"line":70,"column":8},"end":{"line":70,"column":null}},"36":{"start":{"line":71,"column":8},"end":{"line":71,"column":null}},"37":{"start":{"line":73,"column":8},"end":{"line":73,"column":null}},"38":{"start":{"line":76,"column":6},"end":{"line":76,"column":null}},"39":{"start":{"line":77,"column":27},"end":{"line":82,"column":null}},"40":{"start":{"line":83,"column":6},"end":{"line":83,"column":null}},"41":{"start":{"line":83,"column":26},"end":{"line":83,"column":49}},"42":{"start":{"line":85,"column":6},"end":{"line":85,"column":null}},"43":{"start":{"line":89,"column":25},"end":{"line":94,"column":null}},"44":{"start":{"line":90,"column":4},"end":{"line":93,"column":null}},"45":{"start":{"line":91,"column":6},"end":{"line":91,"column":null}},"46":{"start":{"line":92,"column":6},"end":{"line":92,"column":null}},"47":{"start":{"line":96,"column":30},"end":{"line":99,"column":null}},"48":{"start":{"line":97,"column":4},"end":{"line":97,"column":null}},"49":{"start":{"line":98,"column":4},"end":{"line":98,"column":null}},"50":{"start":{"line":101,"column":28},"end":{"line":114,"column":null}},"51":{"start":{"line":102,"column":4},"end":{"line":113,"column":null}},"52":{"start":{"line":103,"column":21},"end":{"line":103,"column":null}},"53":{"start":{"line":105,"column":6},"end":{"line":110,"column":null}},"54":{"start":{"line":106,"column":8},"end":{"line":109,"column":null}},"55":{"start":{"line":106,"column":39},"end":{"line":109,"column":10}},"56":{"start":{"line":112,"column":6},"end":{"line":112,"column":null}},"57":{"start":{"line":116,"column":2},"end":{"line":331,"column":null}},"58":{"start":{"line":134,"column":29},"end":{"line":134,"column":null}},"59":{"start":{"line":163,"column":12},"end":{"line":251,"column":null}},"60":{"start":{"line":187,"column":39},"end":{"line":187,"column":null}},"61":{"start":{"line":210,"column":36},"end":{"line":210,"column":null}},"62":{"start":{"line":211,"column":41},"end":{"line":211,"column":null}},"63":{"start":{"line":212,"column":38},"end":{"line":212,"column":null}},"64":{"start":{"line":213,"column":40},"end":{"line":213,"column":null}},"65":{"start":{"line":213,"column":62},"end":{"line":213,"column":149}},"66":{"start":{"line":214,"column":40},"end":{"line":214,"column":null}},"67":{"start":{"line":215,"column":24},"end":{"line":239,"column":null}},"68":{"start":{"line":218,"column":30},"end":{"line":228,"column":null}},"69":{"start":{"line":233,"column":47},"end":{"line":233,"column":null}},"70":{"start":{"line":233,"column":75},"end":{"line":233,"column":106}},"71":{"start":{"line":277,"column":31},"end":{"line":277,"column":null}},"72":{"start":{"line":294,"column":29},"end":{"line":294,"column":null}},"73":{"start":{"line":305,"column":27},"end":{"line":305,"column":null}}},"fnMap":{"0":{"name":"ChatInterface","decl":{"start":{"line":10,"column":24},"end":{"line":10,"column":38}},"loc":{"start":{"line":10,"column":83},"end":{"line":333,"column":null}},"line":10},"1":{"name":"(anonymous_1)","decl":{"start":{"line":20,"column":12},"end":{"line":20,"column":18}},"loc":{"start":{"line":20,"column":18},"end":{"line":22,"column":5}},"line":20},"2":{"name":"(anonymous_2)","decl":{"start":{"line":24,"column":21},"end":{"line":24,"column":33}},"loc":{"start":{"line":24,"column":33},"end":{"line":87,"column":null}},"line":24},"3":{"name":"(anonymous_3)","decl":{"start":{"line":33,"column":16},"end":{"line":33,"column":24}},"loc":{"start":{"line":33,"column":24},"end":{"line":33,"column":46}},"line":33},"4":{"name":"(anonymous_4)","decl":{"start":{"line":53,"column":18},"end":{"line":53,"column":26}},"loc":{"start":{"line":53,"column":26},"end":{"line":53,"column":53}},"line":53},"5":{"name":"(anonymous_5)","decl":{"start":{"line":57,"column":25},"end":{"line":57,"column":33}},"loc":{"start":{"line":57,"column":33},"end":{"line":57,"column":60}},"line":57},"6":{"name":"(anonymous_6)","decl":{"start":{"line":83,"column":18},"end":{"line":83,"column":26}},"loc":{"start":{"line":83,"column":26},"end":{"line":83,"column":49}},"line":83},"7":{"name":"(anonymous_7)","decl":{"start":{"line":89,"column":25},"end":{"line":89,"column":26}},"loc":{"start":{"line":89,"column":32},"end":{"line":94,"column":null}},"line":89},"8":{"name":"(anonymous_8)","decl":{"start":{"line":96,"column":30},"end":{"line":96,"column":31}},"loc":{"start":{"line":96,"column":51},"end":{"line":99,"column":null}},"line":96},"9":{"name":"(anonymous_9)","decl":{"start":{"line":101,"column":28},"end":{"line":101,"column":35}},"loc":{"start":{"line":101,"column":68},"end":{"line":114,"column":null}},"line":101},"10":{"name":"(anonymous_10)","decl":{"start":{"line":106,"column":30},"end":{"line":106,"column":39}},"loc":{"start":{"line":106,"column":39},"end":{"line":109,"column":10}},"line":106},"11":{"name":"(anonymous_11)","decl":{"start":{"line":134,"column":23},"end":{"line":134,"column":29}},"loc":{"start":{"line":134,"column":29},"end":{"line":134,"column":null}},"line":134},"12":{"name":"(anonymous_12)","decl":{"start":{"line":162,"column":23},"end":{"line":162,"column":24}},"loc":{"start":{"line":163,"column":12},"end":{"line":251,"column":null}},"line":163},"13":{"name":"(anonymous_13)","decl":{"start":{"line":187,"column":33},"end":{"line":187,"column":39}},"loc":{"start":{"line":187,"column":39},"end":{"line":187,"column":null}},"line":187},"14":{"name":"(anonymous_14)","decl":{"start":{"line":209,"column":24},"end":{"line":209,"column":30}},"loc":{"start":{"line":209,"column":30},"end":{"line":241,"column":25}},"line":209},"15":{"name":"(anonymous_15)","decl":{"start":{"line":213,"column":56},"end":{"line":213,"column":62}},"loc":{"start":{"line":213,"column":62},"end":{"line":213,"column":149}},"line":213},"16":{"name":"(anonymous_16)","decl":{"start":{"line":217,"column":41},"end":{"line":217,"column":42}},"loc":{"start":{"line":218,"column":30},"end":{"line":228,"column":null}},"line":218},"17":{"name":"(anonymous_17)","decl":{"start":{"line":233,"column":41},"end":{"line":233,"column":47}},"loc":{"start":{"line":233,"column":47},"end":{"line":233,"column":null}},"line":233},"18":{"name":"(anonymous_18)","decl":{"start":{"line":233,"column":66},"end":{"line":233,"column":75}},"loc":{"start":{"line":233,"column":75},"end":{"line":233,"column":106}},"line":233},"19":{"name":"(anonymous_19)","decl":{"start":{"line":277,"column":25},"end":{"line":277,"column":31}},"loc":{"start":{"line":277,"column":31},"end":{"line":277,"column":null}},"line":277},"20":{"name":"(anonymous_20)","decl":{"start":{"line":294,"column":22},"end":{"line":294,"column":23}},"loc":{"start":{"line":294,"column":29},"end":{"line":294,"column":null}},"line":294},"21":{"name":"(anonymous_21)","decl":{"start":{"line":305,"column":21},"end":{"line":305,"column":27}},"loc":{"start":{"line":305,"column":27},"end":{"line":305,"column":null}},"line":305}},"branchMap":{"0":{"loc":{"start":{"line":25,"column":4},"end":{"line":25,"column":null}},"type":"if","locations":[{"start":{"line":25,"column":4},"end":{"line":25,"column":null}},{"start":{},"end":{}}],"line":25},"1":{"loc":{"start":{"line":25,"column":8},"end":{"line":25,"column":36}},"type":"binary-expr","locations":[{"start":{"line":25,"column":8},"end":{"line":25,"column":25}},{"start":{"line":25,"column":25},"end":{"line":25,"column":36}}],"line":25},"2":{"loc":{"start":{"line":40,"column":6},"end":{"line":42,"column":null}},"type":"if","locations":[{"start":{"line":40,"column":6},"end":{"line":42,"column":null}},{"start":{},"end":{}}],"line":40},"3":{"loc":{"start":{"line":48,"column":17},"end":{"line":48,"column":null}},"type":"binary-expr","locations":[{"start":{"line":48,"column":17},"end":{"line":48,"column":37}},{"start":{"line":48,"column":37},"end":{"line":48,"column":null}}],"line":48},"4":{"loc":{"start":{"line":56,"column":6},"end":{"line":58,"column":null}},"type":"if","locations":[{"start":{"line":56,"column":6},"end":{"line":58,"column":null}},{"start":{},"end":{}}],"line":56},"5":{"loc":{"start":{"line":61,"column":6},"end":{"line":74,"column":null}},"type":"if","locations":[{"start":{"line":61,"column":6},"end":{"line":74,"column":null}},{"start":{},"end":{}}],"line":61},"6":{"loc":{"start":{"line":90,"column":4},"end":{"line":93,"column":null}},"type":"if","locations":[{"start":{"line":90,"column":4},"end":{"line":93,"column":null}},{"start":{},"end":{}}],"line":90},"7":{"loc":{"start":{"line":90,"column":8},"end":{"line":90,"column":42}},"type":"binary-expr","locations":[{"start":{"line":90,"column":8},"end":{"line":90,"column":29}},{"start":{"line":90,"column":29},"end":{"line":90,"column":42}}],"line":90},"8":{"loc":{"start":{"line":105,"column":6},"end":{"line":110,"column":null}},"type":"if","locations":[{"start":{"line":105,"column":6},"end":{"line":110,"column":null}},{"start":{},"end":{}}],"line":105},"9":{"loc":{"start":{"line":105,"column":10},"end":{"line":105,"column":62}},"type":"binary-expr","locations":[{"start":{"line":105,"column":10},"end":{"line":105,"column":28}},{"start":{"line":105,"column":28},"end":{"line":105,"column":62}}],"line":105},"10":{"loc":{"start":{"line":144,"column":9},"end":{"line":147,"column":null}},"type":"binary-expr","locations":[{"start":{"line":144,"column":9},"end":{"line":144,"column":null}},{"start":{"line":145,"column":10},"end":{"line":147,"column":null}}],"line":144},"11":{"loc":{"start":{"line":153,"column":9},"end":{"line":252,"column":null}},"type":"cond-expr","locations":[{"start":{"line":154,"column":10},"end":{"line":160,"column":null}},{"start":{"line":162,"column":10},"end":{"line":252,"column":null}}],"line":153},"12":{"loc":{"start":{"line":165,"column":33},"end":{"line":165,"column":86}},"type":"cond-expr","locations":[{"start":{"line":165,"column":55},"end":{"line":165,"column":71}},{"start":{"line":165,"column":71},"end":{"line":165,"column":86}}],"line":165},"13":{"loc":{"start":{"line":169,"column":18},"end":{"line":173,"column":null}},"type":"cond-expr","locations":[{"start":{"line":170,"column":22},"end":{"line":170,"column":null}},{"start":{"line":171,"column":22},"end":{"line":173,"column":null}}],"line":169},"14":{"loc":{"start":{"line":171,"column":22},"end":{"line":173,"column":null}},"type":"cond-expr","locations":[{"start":{"line":172,"column":22},"end":{"line":172,"column":null}},{"start":{"line":173,"column":22},"end":{"line":173,"column":null}}],"line":171},"15":{"loc":{"start":{"line":176,"column":17},"end":{"line":179,"column":null}},"type":"cond-expr","locations":[{"start":{"line":177,"column":18},"end":{"line":177,"column":null}},{"start":{"line":179,"column":18},"end":{"line":179,"column":null}}],"line":176},"16":{"loc":{"start":{"line":183,"column":17},"end":{"line":198,"column":null}},"type":"binary-expr","locations":[{"start":{"line":183,"column":17},"end":{"line":183,"column":45}},{"start":{"line":183,"column":45},"end":{"line":183,"column":null}},{"start":{"line":184,"column":18},"end":{"line":198,"column":null}}],"line":183},"17":{"loc":{"start":{"line":185,"column":21},"end":{"line":196,"column":null}},"type":"cond-expr","locations":[{"start":{"line":186,"column":22},"end":{"line":192,"column":null}},{"start":{"line":194,"column":22},"end":{"line":196,"column":null}}],"line":185},"18":{"loc":{"start":{"line":202,"column":17},"end":{"line":243,"column":null}},"type":"binary-expr","locations":[{"start":{"line":202,"column":17},"end":{"line":202,"column":32}},{"start":{"line":202,"column":32},"end":{"line":202,"column":null}},{"start":{"line":203,"column":18},"end":{"line":243,"column":null}}],"line":202},"19":{"loc":{"start":{"line":213,"column":62},"end":{"line":213,"column":149}},"type":"cond-expr","locations":[{"start":{"line":213,"column":86},"end":{"line":213,"column":91}},{"start":{"line":213,"column":91},"end":{"line":213,"column":149}}],"line":213},"20":{"loc":{"start":{"line":213,"column":91},"end":{"line":213,"column":149}},"type":"binary-expr","locations":[{"start":{"line":213,"column":91},"end":{"line":213,"column":105}},{"start":{"line":213,"column":105},"end":{"line":213,"column":127}},{"start":{"line":213,"column":127},"end":{"line":213,"column":149}}],"line":213},"21":{"loc":{"start":{"line":214,"column":40},"end":{"line":214,"column":null}},"type":"cond-expr","locations":[{"start":{"line":214,"column":51},"end":{"line":214,"column":61}},{"start":{"line":214,"column":61},"end":{"line":214,"column":null}}],"line":214},"22":{"loc":{"start":{"line":231,"column":29},"end":{"line":237,"column":null}},"type":"binary-expr","locations":[{"start":{"line":231,"column":29},"end":{"line":231,"column":null}},{"start":{"line":232,"column":30},"end":{"line":237,"column":null}}],"line":231},"23":{"loc":{"start":{"line":236,"column":33},"end":{"line":236,"column":null}},"type":"cond-expr","locations":[{"start":{"line":236,"column":44},"end":{"line":236,"column":60}},{"start":{"line":236,"column":60},"end":{"line":236,"column":null}}],"line":236},"24":{"loc":{"start":{"line":254,"column":9},"end":{"line":264,"column":null}},"type":"binary-expr","locations":[{"start":{"line":254,"column":9},"end":{"line":254,"column":null}},{"start":{"line":255,"column":10},"end":{"line":264,"column":null}}],"line":254},"25":{"loc":{"start":{"line":272,"column":9},"end":{"line":287,"column":null}},"type":"binary-expr","locations":[{"start":{"line":272,"column":9},"end":{"line":272,"column":null}},{"start":{"line":273,"column":10},"end":{"line":287,"column":null}}],"line":272},"26":{"loc":{"start":{"line":309,"column":16},"end":{"line":311,"column":null}},"type":"cond-expr","locations":[{"start":{"line":310,"column":18},"end":{"line":310,"column":null}},{"start":{"line":311,"column":18},"end":{"line":311,"column":null}}],"line":309},"27":{"loc":{"start":{"line":322,"column":22},"end":{"line":322,"column":null}},"type":"binary-expr","locations":[{"start":{"line":322,"column":22},"end":{"line":322,"column":35}},{"start":{"line":322,"column":35},"end":{"line":322,"column":null}}],"line":322}},"s":{"0":8,"1":8,"2":8,"3":8,"4":8,"5":8,"6":8,"7":8,"8":6,"9":8,"10":0,"11":0,"12":0,"13":0,"14":0,"15":0,"16":0,"17":0,"18":0,"19":0,"20":0,"21":0,"22":0,"23":0,"24":0,"25":0,"26":0,"27":0,"28":0,"29":0,"30":0,"31":0,"32":0,"33":0,"34":0,"35":0,"36":0,"37":0,"38":0,"39":0,"40":0,"41":0,"42":0,"43":8,"44":0,"45":0,"46":0,"47":8,"48":0,"49":0,"50":8,"51":0,"52":0,"53":0,"54":0,"55":0,"56":0,"57":8,"58":0,"59":2,"60":0,"61":0,"62":0,"63":0,"64":0,"65":0,"66":0,"67":0,"68":0,"69":0,"70":0,"71":0,"72":2,"73":0},"f":{"0":8,"1":6,"2":0,"3":0,"4":0,"5":0,"6":0,"7":0,"8":0,"9":0,"10":0,"11":0,"12":2,"13":0,"14":0,"15":0,"16":0,"17":0,"18":0,"19":0,"20":2,"21":0},"b":{"0":[0,0],"1":[0,0],"2":[0,0],"3":[0,0],"4":[0,0],"5":[0,0],"6":[0,0],"7":[0,0],"8":[0,0],"9":[0,0],"10":[8,0],"11":[7,1],"12":[1,1],"13":[1,1],"14":[0,1],"15":[1,1],"16":[2,1,1],"17":[1,0],"18":[2,0,0],"19":[0,0],"20":[0,0,0],"21":[0,0],"22":[0,0],"23":[0,0],"24":[8,0],"25":[8,0],"26":[0,8],"27":[8,8]},"meta":{"lastBranch":28,"lastFunction":22,"lastStatement":74,"seen":{"f:10:24:10:38":0,"s:11:24:11:Infinity":0,"s:12:32:12:Infinity":1,"s:13:44:13:Infinity":2,"s:14:48:14:Infinity":3,"s:15:48:15:Infinity":4,"s:16:50:16:Infinity":5,"s:17:8:17:Infinity":6,"s:20:2:22:Infinity":7,"f:20:12:20:18":1,"s:21:4:21:Infinity":8,"s:24:21:87:Infinity":9,"f:24:21:24:33":2,"b:25:4:25:Infinity:undefined:undefined:undefined:undefined":0,"s:25:4:25:Infinity":10,"b:25:8:25:25:25:25:25:36":1,"s:25:36:25:Infinity":11,"s:27:24:31:Infinity":12,"s:33:4:33:Infinity":13,"f:33:16:33:24":3,"s:33:24:33:46":14,"s:34:4:34:Infinity":15,"s:35:4:35:Infinity":16,"s:37:4:86:Infinity":17,"s:38:21:38:Infinity":18,"b:40:6:42:Infinity:undefined:undefined:undefined:undefined":2,"s:40:6:42:Infinity":19,"s:41:8:41:Infinity":20,"s:44:23:44:Infinity":21,"s:45:31:51:Infinity":22,"b:48:17:48:37:48:37:48:Infinity":3,"s:53:6:53:Infinity":23,"f:53:18:53:26":4,"s:53:26:53:53":24,"b:56:6:58:Infinity:undefined:undefined:undefined:undefined":4,"s:56:6:58:Infinity":25,"s:57:8:57:Infinity":26,"f:57:25:57:33":5,"s:57:33:57:60":27,"b:61:6:74:Infinity:undefined:undefined:undefined:undefined":5,"s:61:6:74:Infinity":28,"s:62:43:62:Infinity":29,"s:63:8:63:Infinity":30,"s:66:29:66:Infinity":31,"s:67:8:67:Infinity":32,"s:68:8:68:Infinity":33,"s:69:8:69:Infinity":34,"s:70:8:70:Infinity":35,"s:71:8:71:Infinity":36,"s:73:8:73:Infinity":37,"s:76:6:76:Infinity":38,"s:77:27:82:Infinity":39,"s:83:6:83:Infinity":40,"f:83:18:83:26":6,"s:83:26:83:49":41,"s:85:6:85:Infinity":42,"s:89:25:94:Infinity":43,"f:89:25:89:26":7,"b:90:4:93:Infinity:undefined:undefined:undefined:undefined":6,"s:90:4:93:Infinity":44,"b:90:8:90:29:90:29:90:42":7,"s:91:6:91:Infinity":45,"s:92:6:92:Infinity":46,"s:96:30:99:Infinity":47,"f:96:30:96:31":8,"s:97:4:97:Infinity":48,"s:98:4:98:Infinity":49,"s:101:28:114:Infinity":50,"f:101:28:101:35":9,"s:102:4:113:Infinity":51,"s:103:21:103:Infinity":52,"b:105:6:110:Infinity:undefined:undefined:undefined:undefined":8,"s:105:6:110:Infinity":53,"b:105:10:105:28:105:28:105:62":9,"s:106:8:109:Infinity":54,"f:106:30:106:39":10,"s:106:39:109:10":55,"s:112:6:112:Infinity":56,"s:116:2:331:Infinity":57,"f:134:23:134:29":11,"s:134:29:134:Infinity":58,"b:144:9:144:Infinity:145:10:147:Infinity":10,"b:154:10:160:Infinity:162:10:252:Infinity":11,"f:162:23:162:24":12,"s:163:12:251:Infinity":59,"b:165:55:165:71:165:71:165:86":12,"b:170:22:170:Infinity:171:22:173:Infinity":13,"b:172:22:172:Infinity:173:22:173:Infinity":14,"b:177:18:177:Infinity:179:18:179:Infinity":15,"b:183:17:183:45:183:45:183:Infinity:184:18:198:Infinity":16,"b:186:22:192:Infinity:194:22:196:Infinity":17,"f:187:33:187:39":13,"s:187:39:187:Infinity":60,"b:202:17:202:32:202:32:202:Infinity:203:18:243:Infinity":18,"f:209:24:209:30":14,"s:210:36:210:Infinity":61,"s:211:41:211:Infinity":62,"s:212:38:212:Infinity":63,"s:213:40:213:Infinity":64,"f:213:56:213:62":15,"s:213:62:213:149":65,"b:213:86:213:91:213:91:213:149":19,"b:213:91:213:105:213:105:213:127:213:127:213:149":20,"s:214:40:214:Infinity":66,"b:214:51:214:61:214:61:214:Infinity":21,"s:215:24:239:Infinity":67,"f:217:41:217:42":16,"s:218:30:228:Infinity":68,"b:231:29:231:Infinity:232:30:237:Infinity":22,"f:233:41:233:47":17,"s:233:47:233:Infinity":69,"f:233:66:233:75":18,"s:233:75:233:106":70,"b:236:44:236:60:236:60:236:Infinity":23,"b:254:9:254:Infinity:255:10:264:Infinity":24,"b:272:9:272:Infinity:273:10:287:Infinity":25,"f:277:25:277:31":19,"s:277:31:277:Infinity":71,"f:294:22:294:23":20,"s:294:29:294:Infinity":72,"f:305:21:305:27":21,"s:305:27:305:Infinity":73,"b:310:18:310:Infinity:311:18:311:Infinity":26,"b:322:22:322:35:322:35:322:Infinity":27}}}
,"C:\\Users\\rafae\\OneDrive\\Escritorio\\TODO\\IIA\\ServiBot\\frontend\\src\\components\\FileGenerator.jsx": {"path":"C:\\Users\\rafae\\OneDrive\\Escritorio\\TODO\\IIA\\ServiBot\\frontend\\src\\components\\FileGenerator.jsx","statementMap":{"0":{"start":{"line":5,"column":16},"end":{"line":5,"column":null}},"1":{"start":{"line":12,"column":38},"end":{"line":12,"column":null}},"2":{"start":{"line":13,"column":42},"end":{"line":13,"column":null}},"3":{"start":{"line":14,"column":28},"end":{"line":14,"column":null}},"4":{"start":{"line":15,"column":24},"end":{"line":15,"column":null}},"5":{"start":{"line":17,"column":22},"end":{"line":98,"column":null}},"6":{"start":{"line":18,"column":4},"end":{"line":18,"column":null}},"7":{"start":{"line":19,"column":4},"end":{"line":19,"column":null}},"8":{"start":{"line":20,"column":4},"end":{"line":20,"column":null}},"9":{"start":{"line":21,"column":4},"end":{"line":21,"column":null}},"10":{"start":{"line":23,"column":4},"end":{"line":97,"column":null}},"11":{"start":{"line":25,"column":20},"end":{"line":25,"column":null}},"12":{"start":{"line":27,"column":20},"end":{"line":27,"column":null}},"13":{"start":{"line":28,"column":6},"end":{"line":28,"column":null}},"14":{"start":{"line":29,"column":6},"end":{"line":29,"column":null}},"15":{"start":{"line":31,"column":6},"end":{"line":54,"column":null}},"16":{"start":{"line":32,"column":21},"end":{"line":32,"column":null}},"17":{"start":{"line":33,"column":26},"end":{"line":35,"column":null}},"18":{"start":{"line":37,"column":8},"end":{"line":37,"column":null}},"19":{"start":{"line":38,"column":8},"end":{"line":38,"column":null}},"20":{"start":{"line":41,"column":8},"end":{"line":43,"column":null}},"21":{"start":{"line":42,"column":10},"end":{"line":42,"column":null}},"22":{"start":{"line":46,"column":8},"end":{"line":51,"column":null}},"23":{"start":{"line":47,"column":10},"end":{"line":47,"column":null}},"24":{"start":{"line":48,"column":10},"end":{"line":50,"column":null}},"25":{"start":{"line":49,"column":12},"end":{"line":49,"column":null}},"26":{"start":{"line":53,"column":8},"end":{"line":53,"column":null}},"27":{"start":{"line":57,"column":23},"end":{"line":62,"column":null}},"28":{"start":{"line":65,"column":23},"end":{"line":70,"column":null}},"29":{"start":{"line":72,"column":6},"end":{"line":89,"column":null}},"30":{"start":{"line":73,"column":8},"end":{"line":77,"column":null}},"31":{"start":{"line":80,"column":21},"end":{"line":80,"column":null}},"32":{"start":{"line":81,"column":8},"end":{"line":81,"column":null}},"33":{"start":{"line":82,"column":8},"end":{"line":82,"column":null}},"34":{"start":{"line":83,"column":8},"end":{"line":83,"column":null}},"35":{"start":{"line":84,"column":8},"end":{"line":84,"column":null}},"36":{"start":{"line":85,"column":8},"end":{"line":85,"column":null}},"37":{"start":{"line":88,"column":8},"end":{"line":88,"column":null}},"38":{"start":{"line":88,"column":25},"end":{"line":88,"column":43}},"39":{"start":{"line":92,"column":6},"end":{"line":92,"column":null}},"40":{"start":{"line":93,"column":6},"end":{"line":93,"column":null}},"41":{"start":{"line":95,"column":6},"end":{"line":95,"column":null}},"42":{"start":{"line":96,"column":6},"end":{"line":96,"column":null}},"43":{"start":{"line":100,"column":24},"end":{"line":187,"column":null}},"44":{"start":{"line":101,"column":4},"end":{"line":101,"column":null}},"45":{"start":{"line":102,"column":4},"end":{"line":102,"column":null}},"46":{"start":{"line":103,"column":4},"end":{"line":103,"column":null}},"47":{"start":{"line":104,"column":4},"end":{"line":104,"column":null}},"48":{"start":{"line":106,"column":4},"end":{"line":186,"column":null}},"49":{"start":{"line":108,"column":21},"end":{"line":127,"column":null}},"50":{"start":{"line":111,"column":42},"end":{"line":117,"column":11}},"51":{"start":{"line":122,"column":55},"end":{"line":122,"column":72}},"52":{"start":{"line":123,"column":58},"end":{"line":123,"column":80}},"53":{"start":{"line":124,"column":56},"end":{"line":124,"column":89}},"54":{"start":{"line":130,"column":36},"end":{"line":130,"column":null}},"55":{"start":{"line":130,"column":57},"end":{"line":130,"column":112}},"56":{"start":{"line":131,"column":6},"end":{"line":144,"column":null}},"57":{"start":{"line":132,"column":8},"end":{"line":143,"column":null}},"58":{"start":{"line":135,"column":12},"end":{"line":141,"column":null}},"59":{"start":{"line":135,"column":60},"end":{"line":141,"column":13}},"60":{"start":{"line":146,"column":22},"end":{"line":152,"column":null}},"61":{"start":{"line":155,"column":23},"end":{"line":159,"column":null}},"62":{"start":{"line":161,"column":6},"end":{"line":178,"column":null}},"63":{"start":{"line":162,"column":8},"end":{"line":166,"column":null}},"64":{"start":{"line":169,"column":21},"end":{"line":169,"column":null}},"65":{"start":{"line":170,"column":8},"end":{"line":170,"column":null}},"66":{"start":{"line":171,"column":8},"end":{"line":171,"column":null}},"67":{"start":{"line":172,"column":8},"end":{"line":172,"column":null}},"68":{"start":{"line":173,"column":8},"end":{"line":173,"column":null}},"69":{"start":{"line":174,"column":8},"end":{"line":174,"column":null}},"70":{"start":{"line":177,"column":8},"end":{"line":177,"column":null}},"71":{"start":{"line":177,"column":25},"end":{"line":177,"column":43}},"72":{"start":{"line":181,"column":6},"end":{"line":181,"column":null}},"73":{"start":{"line":182,"column":6},"end":{"line":182,"column":null}},"74":{"start":{"line":184,"column":6},"end":{"line":184,"column":null}},"75":{"start":{"line":185,"column":6},"end":{"line":185,"column":null}},"76":{"start":{"line":189,"column":22},"end":{"line":189,"column":null}},"77":{"start":{"line":191,"column":2},"end":{"line":297,"column":null}}},"fnMap":{"0":{"name":"FileGenerator","decl":{"start":{"line":11,"column":24},"end":{"line":11,"column":38}},"loc":{"start":{"line":11,"column":80},"end":{"line":299,"column":null}},"line":11},"1":{"name":"(anonymous_1)","decl":{"start":{"line":17,"column":22},"end":{"line":17,"column":34}},"loc":{"start":{"line":17,"column":34},"end":{"line":98,"column":null}},"line":17},"2":{"name":"(anonymous_2)","decl":{"start":{"line":31,"column":23},"end":{"line":31,"column":24}},"loc":{"start":{"line":31,"column":39},"end":{"line":54,"column":7}},"line":31},"3":{"name":"(anonymous_3)","decl":{"start":{"line":48,"column":41},"end":{"line":48,"column":42}},"loc":{"start":{"line":48,"column":54},"end":{"line":50,"column":11}},"line":48},"4":{"name":"(anonymous_4)","decl":{"start":{"line":88,"column":19},"end":{"line":88,"column":25}},"loc":{"start":{"line":88,"column":25},"end":{"line":88,"column":43}},"line":88},"5":{"name":"(anonymous_5)","decl":{"start":{"line":100,"column":24},"end":{"line":100,"column":36}},"loc":{"start":{"line":100,"column":36},"end":{"line":187,"column":null}},"line":100},"6":{"name":"(anonymous_6)","decl":{"start":{"line":111,"column":26},"end":{"line":111,"column":27}},"loc":{"start":{"line":111,"column":42},"end":{"line":117,"column":11}},"line":111},"7":{"name":"(anonymous_7)","decl":{"start":{"line":122,"column":50},"end":{"line":122,"column":55}},"loc":{"start":{"line":122,"column":55},"end":{"line":122,"column":72}},"line":122},"8":{"name":"(anonymous_8)","decl":{"start":{"line":123,"column":53},"end":{"line":123,"column":58}},"loc":{"start":{"line":123,"column":58},"end":{"line":123,"column":80}},"line":123},"9":{"name":"(anonymous_9)","decl":{"start":{"line":124,"column":51},"end":{"line":124,"column":56}},"loc":{"start":{"line":124,"column":56},"end":{"line":124,"column":89}},"line":124},"10":{"name":"(anonymous_10)","decl":{"start":{"line":130,"column":52},"end":{"line":130,"column":57}},"loc":{"start":{"line":130,"column":57},"end":{"line":130,"column":112}},"line":130},"11":{"name":"(anonymous_11)","decl":{"start":{"line":134,"column":43},"end":{"line":134,"column":44}},"loc":{"start":{"line":135,"column":12},"end":{"line":141,"column":null}},"line":135},"12":{"name":"(anonymous_12)","decl":{"start":{"line":135,"column":39},"end":{"line":135,"column":40}},"loc":{"start":{"line":135,"column":60},"end":{"line":141,"column":13}},"line":135},"13":{"name":"(anonymous_13)","decl":{"start":{"line":177,"column":19},"end":{"line":177,"column":25}},"loc":{"start":{"line":177,"column":25},"end":{"line":177,"column":43}},"line":177}},"branchMap":{"0":{"loc":{"start":{"line":5,"column":16},"end":{"line":5,"column":null}},"type":"binary-expr","locations":[{"start":{"line":5,"column":16},"end":{"line":5,"column":48}},{"start":{"line":5,"column":48},"end":{"line":5,"column":null}}],"line":5},"1":{"loc":{"start":{"line":11,"column":50},"end":{"line":11,"column":77}},"type":"default-arg","locations":[{"start":{"line":11,"column":72},"end":{"line":11,"column":77}}],"line":11},"2":{"loc":{"start":{"line":25,"column":20},"end":{"line":25,"column":null}},"type":"binary-expr","locations":[{"start":{"line":25,"column":20},"end":{"line":25,"column":50}},{"start":{"line":25,"column":50},"end":{"line":25,"column":null}}],"line":25},"3":{"loc":{"start":{"line":32,"column":21},"end":{"line":32,"column":null}},"type":"cond-expr","locations":[{"start":{"line":32,"column":43},"end":{"line":32,"column":58}},{"start":{"line":32,"column":58},"end":{"line":32,"column":null}}],"line":32},"4":{"loc":{"start":{"line":33,"column":26},"end":{"line":35,"column":null}},"type":"cond-expr","locations":[{"start":{"line":34,"column":12},"end":{"line":34,"column":null}},{"start":{"line":35,"column":12},"end":{"line":35,"column":null}}],"line":33},"5":{"loc":{"start":{"line":37,"column":29},"end":{"line":37,"column":63}},"type":"cond-expr","locations":[{"start":{"line":37,"column":41},"end":{"line":37,"column":61}},{"start":{"line":37,"column":61},"end":{"line":37,"column":63}}],"line":37},"6":{"loc":{"start":{"line":41,"column":8},"end":{"line":43,"column":null}},"type":"if","locations":[{"start":{"line":41,"column":8},"end":{"line":43,"column":null}},{"start":{},"end":{}}],"line":41},"7":{"loc":{"start":{"line":41,"column":12},"end":{"line":41,"column":51}},"type":"binary-expr","locations":[{"start":{"line":41,"column":12},"end":{"line":41,"column":27}},{"start":{"line":41,"column":27},"end":{"line":41,"column":51}}],"line":41},"8":{"loc":{"start":{"line":46,"column":8},"end":{"line":51,"column":null}},"type":"if","locations":[{"start":{"line":46,"column":8},"end":{"line":51,"column":null}},{"start":{},"end":{}}],"line":46},"9":{"loc":{"start":{"line":46,"column":12},"end":{"line":46,"column":73}},"type":"binary-expr","locations":[{"start":{"line":46,"column":12},"end":{"line":46,"column":38}},{"start":{"line":46,"column":38},"end":{"line":46,"column":73}}],"line":46},"10":{"loc":{"start":{"line":72,"column":6},"end":{"line":89,"column":null}},"type":"if","locations":[{"start":{"line":72,"column":6},"end":{"line":89,"column":null}},{"start":{},"end":{}}],"line":72},"11":{"loc":{"start":{"line":93,"column":15},"end":{"line":93,"column":70}},"type":"binary-expr","locations":[{"start":{"line":93,"column":15},"end":{"line":93,"column":45}},{"start":{"line":93,"column":45},"end":{"line":93,"column":70}}],"line":93},"12":{"loc":{"start":{"line":113,"column":12},"end":{"line":113,"column":null}},"type":"cond-expr","locations":[{"start":{"line":113,"column":34},"end":{"line":113,"column":46}},{"start":{"line":113,"column":46},"end":{"line":113,"column":null}}],"line":113},"13":{"loc":{"start":{"line":115,"column":12},"end":{"line":115,"column":null}},"type":"cond-expr","locations":[{"start":{"line":115,"column":28},"end":{"line":115,"column":78}},{"start":{"line":115,"column":78},"end":{"line":115,"column":null}}],"line":115},"14":{"loc":{"start":{"line":116,"column":12},"end":{"line":116,"column":null}},"type":"cond-expr","locations":[{"start":{"line":116,"column":26},"end":{"line":116,"column":51}},{"start":{"line":116,"column":51},"end":{"line":116,"column":null}}],"line":116},"15":{"loc":{"start":{"line":124,"column":56},"end":{"line":124,"column":89}},"type":"binary-expr","locations":[{"start":{"line":124,"column":56},"end":{"line":124,"column":69}},{"start":{"line":124,"column":69},"end":{"line":124,"column":89}}],"line":124},"16":{"loc":{"start":{"line":130,"column":57},"end":{"line":130,"column":112}},"type":"binary-expr","locations":[{"start":{"line":130,"column":57},"end":{"line":130,"column":81}},{"start":{"line":130,"column":81},"end":{"line":130,"column":112}}],"line":130},"17":{"loc":{"start":{"line":131,"column":6},"end":{"line":144,"column":null}},"type":"if","locations":[{"start":{"line":131,"column":6},"end":{"line":144,"column":null}},{"start":{},"end":{}}],"line":131},"18":{"loc":{"start":{"line":138,"column":14},"end":{"line":138,"column":null}},"type":"binary-expr","locations":[{"start":{"line":138,"column":14},"end":{"line":138,"column":29}},{"start":{"line":138,"column":29},"end":{"line":138,"column":42}},{"start":{"line":138,"column":42},"end":{"line":138,"column":null}}],"line":138},"19":{"loc":{"start":{"line":140,"column":14},"end":{"line":140,"column":null}},"type":"binary-expr","locations":[{"start":{"line":140,"column":14},"end":{"line":140,"column":49}},{"start":{"line":140,"column":49},"end":{"line":140,"column":null}}],"line":140},"20":{"loc":{"start":{"line":149,"column":12},"end":{"line":151,"column":null}},"type":"binary-expr","locations":[{"start":{"line":149,"column":12},"end":{"line":149,"column":48}},{"start":{"line":149,"column":48},"end":{"line":151,"column":null}}],"line":149},"21":{"loc":{"start":{"line":161,"column":6},"end":{"line":178,"column":null}},"type":"if","locations":[{"start":{"line":161,"column":6},"end":{"line":178,"column":null}},{"start":{},"end":{}}],"line":161},"22":{"loc":{"start":{"line":182,"column":15},"end":{"line":182,"column":72}},"type":"binary-expr","locations":[{"start":{"line":182,"column":15},"end":{"line":182,"column":45}},{"start":{"line":182,"column":45},"end":{"line":182,"column":72}}],"line":182},"23":{"loc":{"start":{"line":189,"column":22},"end":{"line":189,"column":null}},"type":"binary-expr","locations":[{"start":{"line":189,"column":22},"end":{"line":189,"column":34}},{"start":{"line":189,"column":34},"end":{"line":189,"column":null}}],"line":189},"24":{"loc":{"start":{"line":198,"column":20},"end":{"line":198,"column":null}},"type":"binary-expr","locations":[{"start":{"line":198,"column":20},"end":{"line":198,"column":36}},{"start":{"line":198,"column":36},"end":{"line":198,"column":null}}],"line":198},"25":{"loc":{"start":{"line":201,"column":14},"end":{"line":203,"column":null}},"type":"cond-expr","locations":[{"start":{"line":202,"column":16},"end":{"line":202,"column":null}},{"start":{"line":203,"column":16},"end":{"line":203,"column":null}}],"line":201},"26":{"loc":{"start":{"line":201,"column":14},"end":{"line":201,"column":null}},"type":"binary-expr","locations":[{"start":{"line":201,"column":14},"end":{"line":201,"column":29}},{"start":{"line":201,"column":29},"end":{"line":201,"column":null}}],"line":201},"27":{"loc":{"start":{"line":209,"column":11},"end":{"line":212,"column":null}},"type":"cond-expr","locations":[{"start":{"line":210,"column":12},"end":{"line":210,"column":null}},{"start":{"line":212,"column":12},"end":{"line":212,"column":null}}],"line":209},"28":{"loc":{"start":{"line":209,"column":11},"end":{"line":209,"column":null}},"type":"binary-expr","locations":[{"start":{"line":209,"column":11},"end":{"line":209,"column":27}},{"start":{"line":209,"column":27},"end":{"line":209,"column":null}}],"line":209},"29":{"loc":{"start":{"line":220,"column":20},"end":{"line":220,"column":null}},"type":"binary-expr","locations":[{"start":{"line":220,"column":20},"end":{"line":220,"column":36}},{"start":{"line":220,"column":36},"end":{"line":220,"column":null}}],"line":220},"30":{"loc":{"start":{"line":223,"column":14},"end":{"line":225,"column":null}},"type":"cond-expr","locations":[{"start":{"line":224,"column":16},"end":{"line":224,"column":null}},{"start":{"line":225,"column":16},"end":{"line":225,"column":null}}],"line":223},"31":{"loc":{"start":{"line":223,"column":14},"end":{"line":223,"column":null}},"type":"binary-expr","locations":[{"start":{"line":223,"column":14},"end":{"line":223,"column":29}},{"start":{"line":223,"column":29},"end":{"line":223,"column":null}}],"line":223},"32":{"loc":{"start":{"line":231,"column":11},"end":{"line":234,"column":null}},"type":"cond-expr","locations":[{"start":{"line":232,"column":12},"end":{"line":232,"column":null}},{"start":{"line":234,"column":12},"end":{"line":234,"column":null}}],"line":231},"33":{"loc":{"start":{"line":231,"column":11},"end":{"line":231,"column":null}},"type":"binary-expr","locations":[{"start":{"line":231,"column":11},"end":{"line":231,"column":27}},{"start":{"line":231,"column":27},"end":{"line":231,"column":null}}],"line":231},"34":{"loc":{"start":{"line":241,"column":7},"end":{"line":260,"column":null}},"type":"binary-expr","locations":[{"start":{"line":241,"column":7},"end":{"line":241,"column":null}},{"start":{"line":242,"column":8},"end":{"line":260,"column":null}}],"line":241},"35":{"loc":{"start":{"line":246,"column":16},"end":{"line":246,"column":57}},"type":"cond-expr","locations":[{"start":{"line":246,"column":41},"end":{"line":246,"column":49}},{"start":{"line":246,"column":49},"end":{"line":246,"column":57}}],"line":246},"36":{"loc":{"start":{"line":263,"column":7},"end":{"line":274,"column":null}},"type":"binary-expr","locations":[{"start":{"line":263,"column":7},"end":{"line":263,"column":null}},{"start":{"line":264,"column":8},"end":{"line":274,"column":null}}],"line":263},"37":{"loc":{"start":{"line":278,"column":7},"end":{"line":283,"column":null}},"type":"binary-expr","locations":[{"start":{"line":278,"column":7},"end":{"line":278,"column":null}},{"start":{"line":279,"column":8},"end":{"line":283,"column":null}}],"line":278},"38":{"loc":{"start":{"line":287,"column":7},"end":{"line":295,"column":null}},"type":"binary-expr","locations":[{"start":{"line":287,"column":7},"end":{"line":287,"column":22}},{"start":{"line":287,"column":22},"end":{"line":287,"column":39}},{"start":{"line":287,"column":39},"end":{"line":287,"column":null}},{"start":{"line":288,"column":8},"end":{"line":295,"column":null}}],"line":287}},"s":{"0":1,"1":0,"2":0,"3":0,"4":0,"5":0,"6":0,"7":0,"8":0,"9":0,"10":0,"11":0,"12":0,"13":0,"14":0,"15":0,"16":0,"17":0,"18":0,"19":0,"20":0,"21":0,"22":0,"23":0,"24":0,"25":0,"26":0,"27":0,"28":0,"29":0,"30":0,"31":0,"32":0,"33":0,"34":0,"35":0,"36":0,"37":0,"38":0,"39":0,"40":0,"41":0,"42":0,"43":0,"44":0,"45":0,"46":0,"47":0,"48":0,"49":0,"50":0,"51":0,"52":0,"53":0,"54":0,"55":0,"56":0,"57":0,"58":0,"59":0,"60":0,"61":0,"62":0,"63":0,"64":0,"65":0,"66":0,"67":0,"68":0,"69":0,"70":0,"71":0,"72":0,"73":0,"74":0,"75":0,"76":0,"77":0},"f":{"0":0,"1":0,"2":0,"3":0,"4":0,"5":0,"6":0,"7":0,"8":0,"9":0,"10":0,"11":0,"12":0,"13":0},"b":{"0":[1,1],"1":[0],"2":[0,0],"3":[0,0],"4":[0,0],"5":[0,0],"6":[0,0],"7":[0,0],"8":[0,0],"9":[0,0],"10":[0,0],"11":[0,0],"12":[0,0],"13":[0,0],"14":[0,0],"15":[0,0],"16":[0,0],"17":[0,0],"18":[0,0,0],"19":[0,0],"20":[0,0],"21":[0,0],"22":[0,0],"23":[0,0],"24":[0,0],"25":[0,0],"26":[0,0],"27":[0,0],"28":[0,0],"29":[0,0],"30":[0,0],"31":[0,0],"32":[0,0],"33":[0,0],"34":[0,0],"35":[0,0],"36":[0,0],"37":[0,0],"38":[0,0,0,0]},"meta":{"lastBranch":39,"lastFunction":14,"lastStatement":78,"seen":{"s:5:16:5:Infinity":0,"b:5:16:5:48:5:48:5:Infinity":0,"f:11:24:11:38":0,"b:11:72:11:77":1,"s:12:38:12:Infinity":1,"s:13:42:13:Infinity":2,"s:14:28:14:Infinity":3,"s:15:24:15:Infinity":4,"s:17:22:98:Infinity":5,"f:17:22:17:34":1,"s:18:4:18:Infinity":6,"s:19:4:19:Infinity":7,"s:20:4:20:Infinity":8,"s:21:4:21:Infinity":9,"s:23:4:97:Infinity":10,"s:25:20:25:Infinity":11,"b:25:20:25:50:25:50:25:Infinity":2,"s:27:20:27:Infinity":12,"s:28:6:28:Infinity":13,"s:29:6:29:Infinity":14,"s:31:6:54:Infinity":15,"f:31:23:31:24":2,"s:32:21:32:Infinity":16,"b:32:43:32:58:32:58:32:Infinity":3,"s:33:26:35:Infinity":17,"b:34:12:34:Infinity:35:12:35:Infinity":4,"s:37:8:37:Infinity":18,"b:37:41:37:61:37:61:37:63":5,"s:38:8:38:Infinity":19,"b:41:8:43:Infinity:undefined:undefined:undefined:undefined":6,"s:41:8:43:Infinity":20,"b:41:12:41:27:41:27:41:51":7,"s:42:10:42:Infinity":21,"b:46:8:51:Infinity:undefined:undefined:undefined:undefined":8,"s:46:8:51:Infinity":22,"b:46:12:46:38:46:38:46:73":9,"s:47:10:47:Infinity":23,"s:48:10:50:Infinity":24,"f:48:41:48:42":3,"s:49:12:49:Infinity":25,"s:53:8:53:Infinity":26,"s:57:23:62:Infinity":27,"s:65:23:70:Infinity":28,"b:72:6:89:Infinity:undefined:undefined:undefined:undefined":10,"s:72:6:89:Infinity":29,"s:73:8:77:Infinity":30,"s:80:21:80:Infinity":31,"s:81:8:81:Infinity":32,"s:82:8:82:Infinity":33,"s:83:8:83:Infinity":34,"s:84:8:84:Infinity":35,"s:85:8:85:Infinity":36,"s:88:8:88:Infinity":37,"f:88:19:88:25":4,"s:88:25:88:43":38,"s:92:6:92:Infinity":39,"s:93:6:93:Infinity":40,"b:93:15:93:45:93:45:93:70":11,"s:95:6:95:Infinity":41,"s:96:6:96:Infinity":42,"s:100:24:187:Infinity":43,"f:100:24:100:36":5,"s:101:4:101:Infinity":44,"s:102:4:102:Infinity":45,"s:103:4:103:Infinity":46,"s:104:4:104:Infinity":47,"s:106:4:186:Infinity":48,"s:108:21:127:Infinity":49,"f:111:26:111:27":6,"s:111:42:117:11":50,"b:113:34:113:46:113:46:113:Infinity":12,"b:115:28:115:78:115:78:115:Infinity":13,"b:116:26:116:51:116:51:116:Infinity":14,"f:122:50:122:55":7,"s:122:55:122:72":51,"f:123:53:123:58":8,"s:123:58:123:80":52,"f:124:51:124:56":9,"s:124:56:124:89":53,"b:124:56:124:69:124:69:124:89":15,"s:130:36:130:Infinity":54,"f:130:52:130:57":10,"s:130:57:130:112":55,"b:130:57:130:81:130:81:130:112":16,"b:131:6:144:Infinity:undefined:undefined:undefined:undefined":17,"s:131:6:144:Infinity":56,"s:132:8:143:Infinity":57,"f:134:43:134:44":11,"s:135:12:141:Infinity":58,"f:135:39:135:40":12,"s:135:60:141:13":59,"b:138:14:138:29:138:29:138:42:138:42:138:Infinity":18,"b:140:14:140:49:140:49:140:Infinity":19,"s:146:22:152:Infinity":60,"b:149:12:149:48:149:48:151:Infinity":20,"s:155:23:159:Infinity":61,"b:161:6:178:Infinity:undefined:undefined:undefined:undefined":21,"s:161:6:178:Infinity":62,"s:162:8:166:Infinity":63,"s:169:21:169:Infinity":64,"s:170:8:170:Infinity":65,"s:171:8:171:Infinity":66,"s:172:8:172:Infinity":67,"s:173:8:173:Infinity":68,"s:174:8:174:Infinity":69,"s:177:8:177:Infinity":70,"f:177:19:177:25":13,"s:177:25:177:43":71,"s:181:6:181:Infinity":72,"s:182:6:182:Infinity":73,"b:182:15:182:45:182:45:182:72":22,"s:184:6:184:Infinity":74,"s:185:6:185:Infinity":75,"s:189:22:189:Infinity":76,"b:189:22:189:34:189:34:189:Infinity":23,"s:191:2:297:Infinity":77,"b:198:20:198:36:198:36:198:Infinity":24,"b:202:16:202:Infinity:203:16:203:Infinity":25,"b:201:14:201:29:201:29:201:Infinity":26,"b:210:12:210:Infinity:212:12:212:Infinity":27,"b:209:11:209:27:209:27:209:Infinity":28,"b:220:20:220:36:220:36:220:Infinity":29,"b:224:16:224:Infinity:225:16:225:Infinity":30,"b:223:14:223:29:223:29:223:Infinity":31,"b:232:12:2
[...]
e":25,"column":14},"end":{"line":25,"column":15}},"loc":{"start":{"line":25,"column":24},"end":{"line":25,"column":55}},"line":25},"8":{"name":"(anonymous_8)","decl":{"start":{"line":25,"column":36},"end":{"line":25,"column":37}},"loc":{"start":{"line":25,"column":43},"end":{"line":25,"column":54}},"line":25},"9":{"name":"(anonymous_9)","decl":{"start":{"line":28,"column":32},"end":{"line":28,"column":33}},"loc":{"start":{"line":28,"column":55},"end":{"line":30,"column":3}},"line":28},"10":{"name":"(anonymous_10)","decl":{"start":{"line":32,"column":34},"end":{"line":32,"column":35}},"loc":{"start":{"line":32,"column":57},"end":{"line":34,"column":3}},"line":32},"11":{"name":"(anonymous_11)","decl":{"start":{"line":36,"column":34},"end":{"line":36,"column":35}},"loc":{"start":{"line":36,"column":57},"end":{"line":38,"column":3}},"line":36},"12":{"name":"(anonymous_12)","decl":{"start":{"line":40,"column":31},"end":{"line":40,"column":32}},"loc":{"start":{"line":40,"column":54},"end":{"line":42,"column":3}},"line":40}},"branchMap":{"0":{"loc":{"start":{"line":9,"column":42},"end":{"line":9,"column":55}},"type":"default-arg","locations":[{"start":{"line":9,"column":49},"end":{"line":9,"column":55}}],"line":9},"1":{"loc":{"start":{"line":9,"column":57},"end":{"line":9,"column":72}},"type":"default-arg","locations":[{"start":{"line":9,"column":68},"end":{"line":9,"column":72}}],"line":9},"2":{"loc":{"start":{"line":15,"column":4},"end":{"line":19,"column":5}},"type":"if","locations":[{"start":{"line":15,"column":4},"end":{"line":19,"column":5}},{"start":{},"end":{}}],"line":15}},"s":{"0":23,"1":23,"2":10,"3":10,"4":10,"5":10,"6":10,"7":10,"8":2,"9":2,"10":2,"11":10,"12":23,"13":1,"14":1,"15":1,"16":23,"17":1,"18":23,"19":1,"20":23,"21":1,"22":23,"23":1,"24":23},"f":{"0":23,"1":10,"2":10,"3":2,"4":2,"5":2,"6":1,"7":1,"8":1,"9":1,"10":1,"11":1,"12":1},"b":{"0":[10],"1":[10],"2":[10,0]},"meta":{"lastBranch":3,"lastFunction":13,"lastStatement":25,"seen":{"f:6:16:6:24":0,"s:7:29:7:42":0,"s:9:19:22:8":1,"f:9:32:9:33":1,"b:9:49:9:55":0,"b:9:68:9:72":1,"s:10:15:10:25":2,"s:11:18:11:39":3,"s:13:4:13:41":4,"f:13:14:13:15":2,"s:13:24:13:40":5,"b:15:4:19:5:undefined:undefined:undefined:undefined":2,"s:15:4:19:5":6,"s:16:6:18:18":7,"f:16:17:16:18":3,"s:17:8:17:60":8,"f:17:18:17:19":4,"s:17:28:17:59":9,"f:17:40:17:41":5,"s:17:47:17:58":10,"s:21:4:21:13":11,"s:24:19:26:8":12,"f:24:32:24:33":6,"s:25:4:25:56":13,"f:25:14:25:15":7,"s:25:24:25:55":14,"f:25:36:25:37":8,"s:25:43:25:54":15,"s:28:19:30:17":16,"f:28:32:28:33":9,"s:29:4:29:48":17,"s:32:21:34:17":18,"f:32:34:32:35":10,"s:33:4:33:50":19,"s:36:21:38:17":20,"f:36:34:36:35":11,"s:37:4:37:50":21,"s:40:18:42:17":22,"f:40:31:40:32":12,"s:41:4:41:47":23,"s:44:2:52:3":24}}}
,"C:\\Users\\rafae\\OneDrive\\Escritorio\\TODO\\IIA\\ServiBot\\frontend\\src\\services\\api.js": {"path":"C:\\Users\\rafae\\OneDrive\\Escritorio\\TODO\\IIA\\ServiBot\\frontend\\src\\services\\api.js","statementMap":{"0":{"start":{"line":3,"column":21},"end":{"line":3,"column":76}},"1":{"start":{"line":8,"column":18},"end":{"line":14,"column":2}},"2":{"start":{"line":19,"column":0},"end":{"line":27,"column":1}},"3":{"start":{"line":22,"column":4},"end":{"line":22,"column":17}},"4":{"start":{"line":25,"column":4},"end":{"line":25,"column":32}},"5":{"start":{"line":32,"column":0},"end":{"line":52,"column":1}},"6":{"start":{"line":34,"column":4},"end":{"line":34,"column":19}},"7":{"start":{"line":38,"column":25},"end":{"line":41,"column":54}},"8":{"start":{"line":43,"column":4},"end":{"line":43,"column":45}},"9":{"start":{"line":46,"column":4},"end":{"line":50,"column":6}},"10":{"start":{"line":57,"column":19},"end":{"line":115,"column":1}},"11":{"start":{"line":62,"column":21},"end":{"line":62,"column":58}},"12":{"start":{"line":63,"column":4},"end":{"line":63,"column":24}},"13":{"start":{"line":70,"column":21},"end":{"line":70,"column":65}},"14":{"start":{"line":71,"column":4},"end":{"line":71,"column":24}},"15":{"start":{"line":78,"column":21},"end":{"line":78,"column":64}},"16":{"start":{"line":79,"column":4},"end":{"line":79,"column":24}},"17":{"start":{"line":86,"column":21},"end":{"line":86,"column":61}},"18":{"start":{"line":87,"column":4},"end":{"line":87,"column":24}},"19":{"start":{"line":94,"column":21},"end":{"line":94,"column":35}},"20":{"start":{"line":95,"column":4},"end":{"line":95,"column":33}},"21":{"start":{"line":97,"column":19},"end":{"line":101,"column":5}},"22":{"start":{"line":103,"column":4},"end":{"line":110,"column":5}},"23":{"start":{"line":104,"column":6},"end":{"line":109,"column":7}},"24":{"start":{"line":105,"column":33},"end":{"line":107,"column":9}},"25":{"start":{"line":108,"column":8},"end":{"line":108,"column":36}},"26":{"start":{"line":112,"column":21},"end":{"line":112,"column":69}},"27":{"start":{"line":113,"column":4},"end":{"line":113,"column":24}}},"fnMap":{"0":{"name":"(anonymous_0)","decl":{"start":{"line":20,"column":2},"end":{"line":20,"column":3}},"loc":{"start":{"line":20,"column":14},"end":{"line":23,"column":3}},"line":20},"1":{"name":"(anonymous_1)","decl":{"start":{"line":24,"column":2},"end":{"line":24,"column":3}},"loc":{"start":{"line":24,"column":13},"end":{"line":26,"column":3}},"line":24},"2":{"name":"(anonymous_2)","decl":{"start":{"line":33,"column":2},"end":{"line":33,"column":3}},"loc":{"start":{"line":33,"column":16},"end":{"line":35,"column":3}},"line":33},"3":{"name":"(anonymous_3)","decl":{"start":{"line":36,"column":2},"end":{"line":36,"column":3}},"loc":{"start":{"line":36,"column":13},"end":{"line":51,"column":3}},"line":36},"4":{"name":"(anonymous_4)","decl":{"start":{"line":61,"column":7},"end":{"line":61,"column":12}},"loc":{"start":{"line":61,"column":40},"end":{"line":64,"column":3}},"line":61},"5":{"name":"(anonymous_5)","decl":{"start":{"line":69,"column":8},"end":{"line":69,"column":13}},"loc":{"start":{"line":69,"column":52},"end":{"line":72,"column":3}},"line":69},"6":{"name":"(anonymous_6)","decl":{"start":{"line":77,"column":7},"end":{"line":77,"column":12}},"loc":{"start":{"line":77,"column":51},"end":{"line":80,"column":3}},"line":77},"7":{"name":"(anonymous_7)","decl":{"start":{"line":85,"column":10},"end":{"line":85,"column":15}},"loc":{"start":{"line":85,"column":43},"end":{"line":88,"column":3}},"line":85},"8":{"name":"(anonymous_8)","decl":{"start":{"line":93,"column":10},"end":{"line":93,"column":15}},"loc":{"start":{"line":93,"column":55},"end":{"line":114,"column":3}},"line":93},"9":{"name":"(anonymous_9)","decl":{"start":{"line":104,"column":32},"end":{"line":104,"column":33}},"loc":{"start":{"line":104,"column":51},"end":{"line":109,"column":7}},"line":104}},"branchMap":{"0":{"loc":{"start":{"line":3,"column":21},"end":{"line":3,"column":76}},"type":"binary-expr","locations":[{"start":{"line":3,"column":21},"end":{"line":3,"column":49}},{"start":{"line":3,"column":53},"end":{"line":3,"column":76}}],"line":3},"1":{"loc":{"start":{"line":38,"column":25},"end":{"line":41,"column":54}},"type":"binary-expr","locations":[{"start":{"line":38,"column":25},"end":{"line":38,"column":53}},{"start":{"line":39,"column":24},"end":{"line":39,"column":51}},{"start":{"line":40,"column":24},"end":{"line":40,"column":37}},{"start":{"line":41,"column":24},"end":{"line":41,"column":54}}],"line":38},"2":{"loc":{"start":{"line":61,"column":24},"end":{"line":61,"column":35}},"type":"default-arg","locations":[{"start":{"line":61,"column":33},"end":{"line":61,"column":35}}],"line":61},"3":{"loc":{"start":{"line":69,"column":25},"end":{"line":69,"column":34}},"type":"default-arg","locations":[{"start":{"line":69,"column":32},"end":{"line":69,"column":34}}],"line":69},"4":{"loc":{"start":{"line":69,"column":36},"end":{"line":69,"column":47}},"type":"default-arg","locations":[{"start":{"line":69,"column":45},"end":{"line":69,"column":47}}],"line":69},"5":{"loc":{"start":{"line":77,"column":24},"end":{"line":77,"column":33}},"type":"default-arg","locations":[{"start":{"line":77,"column":31},"end":{"line":77,"column":33}}],"line":77},"6":{"loc":{"start":{"line":77,"column":35},"end":{"line":77,"column":46}},"type":"default-arg","locations":[{"start":{"line":77,"column":44},"end":{"line":77,"column":46}}],"line":77},"7":{"loc":{"start":{"line":85,"column":27},"end":{"line":85,"column":38}},"type":"default-arg","locations":[{"start":{"line":85,"column":36},"end":{"line":85,"column":38}}],"line":85},"8":{"loc":{"start":{"line":93,"column":33},"end":{"line":93,"column":50}},"type":"default-arg","locations":[{"start":{"line":93,"column":46},"end":{"line":93,"column":50}}],"line":93},"9":{"loc":{"start":{"line":103,"column":4},"end":{"line":110,"column":5}},"type":"if","locations":[{"start":{"line":103,"column":4},"end":{"line":110,"column":5}},{"start":{},"end":{}}],"line":103}},"s":{"0":3,"1":3,"2":3,"3":0,"4":0,"5":3,"6":0,"7":0,"8":0,"9":0,"10":3,"11":0,"12":0,"13":0,"14":0,"15":0,"16":0,"17":0,"18":0,"19":0,"20":0,"21":0,"22":0,"23":0,"24":0,"25":0,"26":0,"27":0},"f":{"0":0,"1":0,"2":0,"3":0,"4":0,"5":0,"6":0,"7":0,"8":0,"9":0},"b":{"0":[3,3],"1":[0,0,0,0],"2":[0],"3":[0],"4":[0],"5":[0],"6":[0],"7":[0],"8":[0],"9":[0,0]},"meta":{"lastBranch":10,"lastFunction":10,"lastStatement":28,"seen":{"s:3:21:3:76":0,"b:3:21:3:49:3:53:3:76":0,"s:8:18:14:2":1,"s:19:0:27:1":2,"f:20:2:20:3":0,"s:22:4:22:17":3,"f:24:2:24:3":1,"s:25:4:25:32":4,"s:32:0:52:1":5,"f:33:2:33:3":2,"s:34:4:34:19":6,"f:36:2:36:3":3,"s:38:25:41:54":7,"b:38:25:38:53:39:24:39:51:40:24:40:37:41:24:41:54":1,"s:43:4:43:45":8,"s:46:4:50:6":9,"s:57:19:115:1":10,"f:61:7:61:12":4,"b:61:33:61:35":2,"s:62:21:62:58":11,"s:63:4:63:24":12,"f:69:8:69:13":5,"b:69:32:69:34":3,"b:69:45:69:47":4,"s:70:21:70:65":13,"s:71:4:71:24":14,"f:77:7:77:12":6,"b:77:31:77:33":5,"b:77:44:77:46":6,"s:78:21:78:64":15,"s:79:4:79:24":16,"f:85:10:85:15":7,"b:85:36:85:38":7,"s:86:21:86:61":17,"s:87:4:87:24":18,"f:93:10:93:15":8,"b:93:46:93:50":8,"s:94:21:94:35":19,"s:95:4:95:33":20,"s:97:19:101:5":21,"b:103:4:110:5:undefined:undefined:undefined:undefined":9,"s:103:4:110:5":22,"s:104:6:109:7":23,"f:104:32:104:33":9,"s:105:33:107:9":24,"s:108:8:108:36":25,"s:112:21:112:69":26,"s:113:4:113:24":27}}}
,"C:\\Users\\rafae\\OneDrive\\Escritorio\\TODO\\IIA\\ServiBot\\frontend\\src\\store\\index.js": {"path":"C:\\Users\\rafae\\OneDrive\\Escritorio\\TODO\\IIA\\ServiBot\\frontend\\src\\store\\index.js","statementMap":{"0":{"start":{"line":7,"column":27},"end":{"line":44,"column":3}},"1":{"start":{"line":7,"column":45},"end":{"line":44,"column":1}},"2":{"start":{"line":10,"column":27},"end":{"line":12,"column":5}},"3":{"start":{"line":10,"column":43},"end":{"line":12,"column":3}},"4":{"start":{"line":13,"column":29},"end":{"line":13,"column":46}},"5":{"start":{"line":14,"column":23},"end":{"line":14,"column":44}},"6":{"start":{"line":18,"column":34},"end":{"line":20,"column":5}},"7":{"start":{"line":18,"column":50},"end":{"line":20,"column":3}},"8":{"start":{"line":21,"column":39},"end":{"line":21,"column":61}},"9":{"start":{"line":22,"column":28},"end":{"line":22,"column":54}},"10":{"start":{"line":26,"column":31},"end":{"line":26,"column":49}},"11":{"start":{"line":30,"column":43},"end":{"line":35,"column":5}},"12":{"start":{"line":30,"column":59},"end":{"line":35,"column":3}},"13":{"start":{"line":38,"column":15},"end":{"line":43,"column":4}},"14":{"start":{"line":49,"column":29},"end":{"line":71,"column":3}},"15":{"start":{"line":49,"column":47},"end":{"line":71,"column":1}},"16":{"start":{"line":52,"column":29},"end":{"line":54,"column":5}},"17":{"start":{"line":52,"column":45},"end":{"line":54,"column":3}},"18":{"start":{"line":55,"column":45},"end":{"line":59,"column":5}},"19":{"start":{"line":55,"column":61},"end":{"line":59,"column":3}},"20":{"start":{"line":57,"column":6},"end":{"line":57,"column":52}},"21":{"start":{"line":60,"column":47},"end":{"line":64,"column":5}},"22":{"start":{"line":60,"column":63},"end":{"line":64,"column":3}},"23":{"start":{"line":62,"column":6},"end":{"line":62,"column":53}},"24":{"start":{"line":65,"column":39},"end":{"line":65,"column":61}},"25":{"start":{"line":66,"column":28},"end":{"line":66,"column":54}},"26":{"start":{"line":70,"column":35},"end":{"line":70,"column":55}},"27":{"start":{"line":76,"column":31},"end":{"line":88,"column":3}},"28":{"start":{"line":76,"column":49},"end":{"line":88,"column":1}},"29":{"start":{"line":79,"column":37},"end":{"line":79,"column":58}},"30":{"start":{"line":83,"column":23},"end":{"line":83,"column":37}},"31":{"start":{"line":87,"column":43},"end":{"line":87,"column":67}}},"fnMap":{"0":{"name":"(anonymous_0)","decl":{"start":{"line":7,"column":35},"end":{"line":7,"column":36}},"loc":{"start":{"line":7,"column":45},"end":{"line":44,"column":1}},"line":7},"1":{"name":"(anonymous_1)","decl":{"start":{"line":10,"column":14},"end":{"line":10,"column":15}},"loc":{"start":{"line":10,"column":27},"end":{"line":12,"column":5}},"line":10},"2":{"name":"(anonymous_2)","decl":{"start":{"line":10,"column":31},"end":{"line":10,"column":32}},"loc":{"start":{"line":10,"column":43},"end":{"line":12,"column":3}},"line":10},"3":{"name":"(anonymous_3)","decl":{"start":{"line":13,"column":15},"end":{"line":13,"column":16}},"loc":{"start":{"line":13,"column":29},"end":{"line":13,"column":46}},"line":13},"4":{"name":"(anonymous_4)","decl":{"start":{"line":14,"column":17},"end":{"line":14,"column":18}},"loc":{"start":{"line":14,"column":23},"end":{"line":14,"column":44}},"line":14},"5":{"name":"(anonymous_5)","decl":{"start":{"line":18,"column":20},"end":{"line":18,"column":21}},"loc":{"start":{"line":18,"column":34},"end":{"line":20,"column":5}},"line":18},"6":{"name":"(anonymous_6)","decl":{"start":{"line":18,"column":38},"end":{"line":18,"column":39}},"loc":{"start":{"line":18,"column":50},"end":{"line":20,"column":3}},"line":18},"7":{"name":"(anonymous_7)","decl":{"start":{"line":21,"column":20},"end":{"line":21,"column":21}},"loc":{"start":{"line":21,"column":39},"end":{"line":21,"column":61}},"line":21},"8":{"name":"(anonymous_8)","decl":{"start":{"line":22,"column":22},"end":{"line":22,"column":23}},"loc":{"start":{"line":22,"column":28},"end":{"line":22,"column":54}},"line":22},"9":{"name":"(anonymous_9)","decl":{"start":{"line":26,"column":16},"end":{"line":26,"column":17}},"loc":{"start":{"line":26,"column":31},"end":{"line":26,"column":49}},"line":26},"10":{"name":"(anonymous_10)","decl":{"start":{"line":30,"column":15},"end":{"line":30,"column":16}},"loc":{"start":{"line":30,"column":43},"end":{"line":35,"column":5}},"line":30},"11":{"name":"(anonymous_11)","decl":{"start":{"line":30,"column":47},"end":{"line":30,"column":48}},"loc":{"start":{"line":30,"column":59},"end":{"line":35,"column":3}},"line":30},"12":{"name":"(anonymous_12)","decl":{"start":{"line":38,"column":9},"end":{"line":38,"column":10}},"loc":{"start":{"line":38,"column":15},"end":{"line":43,"column":4}},"line":38},"13":{"name":"(anonymous_13)","decl":{"start":{"line":49,"column":37},"end":{"line":49,"column":38}},"loc":{"start":{"line":49,"column":47},"end":{"line":71,"column":1}},"line":49},"14":{"name":"(anonymous_14)","decl":{"start":{"line":52,"column":19},"end":{"line":52,"column":20}},"loc":{"start":{"line":52,"column":29},"end":{"line":54,"column":5}},"line":52},"15":{"name":"(anonymous_15)","decl":{"start":{"line":52,"column":33},"end":{"line":52,"column":34}},"loc":{"start":{"line":52,"column":45},"end":{"line":54,"column":3}},"line":52},"16":{"name":"(anonymous_16)","decl":{"start":{"line":55,"column":22},"end":{"line":55,"column":23}},"loc":{"start":{"line":55,"column":45},"end":{"line":59,"column":5}},"line":55},"17":{"name":"(anonymous_17)","decl":{"start":{"line":55,"column":49},"end":{"line":55,"column":50}},"loc":{"start":{"line":55,"column":61},"end":{"line":59,"column":3}},"line":55},"18":{"name":"(anonymous_18)","decl":{"start":{"line":56,"column":43},"end":{"line":56,"column":44}},"loc":{"start":{"line":57,"column":6},"end":{"line":57,"column":52}},"line":57},"19":{"name":"(anonymous_19)","decl":{"start":{"line":60,"column":26},"end":{"line":60,"column":27}},"loc":{"start":{"line":60,"column":47},"end":{"line":64,"column":5}},"line":60},"20":{"name":"(anonymous_20)","decl":{"start":{"line":60,"column":51},"end":{"line":60,"column":52}},"loc":{"start":{"line":60,"column":63},"end":{"line":64,"column":3}},"line":60},"21":{"name":"(anonymous_21)","decl":{"start":{"line":61,"column":43},"end":{"line":61,"column":44}},"loc":{"start":{"line":62,"column":6},"end":{"line":62,"column":53}},"line":62},"22":{"name":"(anonymous_22)","decl":{"start":{"line":65,"column":20},"end":{"line":65,"column":21}},"loc":{"start":{"line":65,"column":39},"end":{"line":65,"column":61}},"line":65},"23":{"name":"(anonymous_23)","decl":{"start":{"line":66,"column":22},"end":{"line":66,"column":23}},"loc":{"start":{"line":66,"column":28},"end":{"line":66,"column":54}},"line":66},"24":{"name":"(anonymous_24)","decl":{"start":{"line":70,"column":18},"end":{"line":70,"column":19}},"loc":{"start":{"line":70,"column":35},"end":{"line":70,"column":55}},"line":70},"25":{"name":"(anonymous_25)","decl":{"start":{"line":76,"column":39},"end":{"line":76,"column":40}},"loc":{"start":{"line":76,"column":49},"end":{"line":88,"column":1}},"line":76},"26":{"name":"(anonymous_26)","decl":{"start":{"line":79,"column":19},"end":{"line":79,"column":20}},"loc":{"start":{"line":79,"column":37},"end":{"line":79,"column":58}},"line":79},"27":{"name":"(anonymous_27)","decl":{"start":{"line":83,"column":12},"end":{"line":83,"column":13}},"loc":{"start":{"line":83,"column":23},"end":{"line":83,"column":37}},"line":83},"28":{"name":"(anonymous_28)","decl":{"start":{"line":87,"column":22},"end":{"line":87,"column":23}},"loc":{"start":{"line":87,"column":43},"end":{"line":87,"column":67}},"line":87}},"branchMap":{"0":{"loc":{"start":{"line":57,"column":6},"end":{"line":57,"column":52}},"type":"cond-expr","locations":[{"start":{"line":57,"column":28},"end":{"line":57,"column":48}},{"start":{"line":57,"column":51},"end":{"line":57,"column":52}}],"line":57},"1":{"loc":{"start":{"line":62,"column":6},"end":{"line":62,"column":53}},"type":"cond-expr","locations":[{"start":{"line":62,"column":29},"end":{"line":62,"column":49}},{"start":{"line":62,"column":52},"end":{"line":62,"column":53}}],"line":62}},"s":{"0":1,"1":1,"2":4,"3":4,"4":0,"5":1,"6":0,"7":0,"8":3,"9":0,"10":2,"11":2,"12":2,"13":0,"14":1,"15":1,"16":8,"17":8,"18":2,"19":2,"20":2,"21":2,"22":2,"23":2,"24":0,"25":1,"26":0,"27":1,"28":1,"29":3,"30":3,"31":3},"f":{"0":1,"1":4,"2":4,"3":0,"4":1,"5":0,"6":0,"7":3,"8":0,"9":2,"10":2,"11":2,"12":0,"13":1,"14":8,"15":8,"16":2,"17":2,"18":2,"19":2,"20":2,"21":2,"22":0,"23":1,"24":0,"25":1,"26":3,"27":3,"28":3},"b":{"0":[1,1],"1":[1,1]},"meta":{"lastBranch":2,"lastFunction":29,"lastStatement":32,"seen":{"s:7:27:44:3":0,"f:7:35:7:36":0,"s:7:45:44:1":1,"f:10:14:10:15":1,"s:10:27:12:5":2,"f:10:31:10:32":2,"s:10:43:12:3":3,"f:13:15:13:16":3,"s:13:29:13:46":4,"f:14:17:14:18":4,"s:14:23:14:44":5,"f:18:20:18:21":5,"s:18:34:20:5":6,"f:18:38:18:39":6,"s:18:50:20:3":7,"f:21:20:21:21":7,"s:21:39:21:61":8,"f:22:22:22:23":8,"s:22:28:22:54":9,"f:26:16:26:17":9,"s:26:31:26:49":10,"f:30:15:30:16":10,"s:30:43:35:5":11,"f:30:47:30:48":11,"s:30:59:35:3":12,"f:38:9:38:10":12,"s:38:15:43:4":13,"s:49:29:71:3":14,"f:49:37:49:38":13,"s:49:47:71:1":15,"f:52:19:52:20":14,"s:52:29:54:5":16,"f:52:33:52:34":15,"s:52:45:54:3":17,"f:55:22:55:23":16,"s:55:45:59:5":18,"f:55:49:55:50":17,"s:55:61:59:3":19,"f:56:43:56:44":18,"s:57:6:57:52":20,"b:57:28:57:48:57:51:57:52":0,"f:60:26:60:27":19,"s:60:47:64:5":21,"f:60:51:60:52":20,"s:60:63:64:3":22,"f:61:43:61:44":21,"s:62:6:62:53":23,"b:62:29:62:49:62:52:62:53":1,"f:65:20:65:21":22,"s:65:39:65:61":24,"f:66:22:66:23":23,"s:66:28:66:54":25,"f:70:18:70:19":24,"s:70:35:70:55":26,"s:76:31:88:3":27,"f:76:39:76:40":25,"s:76:49:88:1":28,"f:79:19:79:20":26,"s:79:37:79:58":29,"f:83:12:83:13":27,"s:83:23:83:37":30,"f:87:22:87:23":28,"s:87:43:87:67":31}}}
}
